Start testing: Feb 03 15:29 UTC
----------------------------------------------------------
1/86 Testing: BackendTest.Constructor
1/86 Test: BackendTest.Constructor
Command: "/home/runner/work/fuelflux/fuelflux/build-test/bin/fuelflux_tests" "--gtest_filter=BackendTest.Constructor" "--gtest_also_run_disabled_tests"
Directory: /home/runner/work/fuelflux/fuelflux/build-test
"BackendTest.Constructor" start time: Feb 03 15:29 UTC
Output:
----------------------------------------------------------
Running main() from /home/runner/work/fuelflux/fuelflux/build-test/_deps/googletest-src/googletest/src/gtest_main.cc
Note: Google Test filter = BackendTest.Constructor
[==========] Running 1 test from 1 test suite.
[----------] Global test environment set-up.
[----------] 1 test from BackendTest
[ RUN      ] BackendTest.Constructor
[2026-02-03 15:29:00.286] [info] Backend initialized with base API: http://127.0.0.1:54843 and controller UID: test-controller-001
[       OK ] BackendTest.Constructor (100 ms)
[----------] 1 test from BackendTest (100 ms total)

[----------] Global test environment tear-down
[==========] 1 test from 1 test suite ran. (100 ms total)
[  PASSED  ] 1 test.
<end of output>
Test time =   0.11 sec
----------------------------------------------------------
Test Passed.
"BackendTest.Constructor" end time: Feb 03 15:29 UTC
"BackendTest.Constructor" time elapsed: 00:00:00
----------------------------------------------------------

2/86 Testing: BackendTest.AuthorizeSuccess
2/86 Test: BackendTest.AuthorizeSuccess
Command: "/home/runner/work/fuelflux/fuelflux/build-test/bin/fuelflux_tests" "--gtest_filter=BackendTest.AuthorizeSuccess" "--gtest_also_run_disabled_tests"
Directory: /home/runner/work/fuelflux/fuelflux/build-test
"BackendTest.AuthorizeSuccess" start time: Feb 03 15:29 UTC
Output:
----------------------------------------------------------
Running main() from /home/runner/work/fuelflux/fuelflux/build-test/_deps/googletest-src/googletest/src/gtest_main.cc
Note: Google Test filter = BackendTest.AuthorizeSuccess
[==========] Running 1 test from 1 test suite.
[----------] Global test environment set-up.
[----------] 1 test from BackendTest
[ RUN      ] BackendTest.AuthorizeSuccess
[2026-02-03 15:29:00.391] [info] Backend initialized with base API: http://127.0.0.1:51243 and controller UID: test-controller-001
[2026-02-03 15:29:00.391] [info] Authorizing card UID: card-uid-12345
[2026-02-03 15:29:00.392] [info] Authorization successful: RoleId=1, Allowance=50, Price=45.5, Tanks=2
[       OK ] BackendTest.AuthorizeSuccess (101 ms)
[----------] 1 test from BackendTest (101 ms total)

[----------] Global test environment tear-down
[==========] 1 test from 1 test suite ran. (101 ms total)
[  PASSED  ] 1 test.
<end of output>
Test time =   0.10 sec
----------------------------------------------------------
Test Passed.
"BackendTest.AuthorizeSuccess" end time: Feb 03 15:29 UTC
"BackendTest.AuthorizeSuccess" time elapsed: 00:00:00
----------------------------------------------------------

3/86 Testing: BackendTest.AuthorizeFailed
3/86 Test: BackendTest.AuthorizeFailed
Command: "/home/runner/work/fuelflux/fuelflux/build-test/bin/fuelflux_tests" "--gtest_filter=BackendTest.AuthorizeFailed" "--gtest_also_run_disabled_tests"
Directory: /home/runner/work/fuelflux/fuelflux/build-test
"BackendTest.AuthorizeFailed" start time: Feb 03 15:29 UTC
Output:
----------------------------------------------------------
Running main() from /home/runner/work/fuelflux/fuelflux/build-test/_deps/googletest-src/googletest/src/gtest_main.cc
Note: Google Test filter = BackendTest.AuthorizeFailed
[==========] Running 1 test from 1 test suite.
[----------] Global test environment set-up.
[----------] 1 test from BackendTest
[ RUN      ] BackendTest.AuthorizeFailed
[2026-02-03 15:29:00.496] [info] Backend initialized with base API: http://127.0.0.1:57099 and controller UID: test-controller-001
[2026-02-03 15:29:00.496] [info] Authorizing card UID: invalid-card
[2026-02-03 15:29:00.497] [error] Authorization failed: Invalid card
[       OK ] BackendTest.AuthorizeFailed (101 ms)
[----------] 1 test from BackendTest (101 ms total)

[----------] Global test environment tear-down
[==========] 1 test from 1 test suite ran. (101 ms total)
[  PASSED  ] 1 test.
<end of output>
Test time =   0.10 sec
----------------------------------------------------------
Test Passed.
"BackendTest.AuthorizeFailed" end time: Feb 03 15:29 UTC
"BackendTest.AuthorizeFailed" time elapsed: 00:00:00
----------------------------------------------------------

4/86 Testing: BackendTest.DoubleAuthorize
4/86 Test: BackendTest.DoubleAuthorize
Command: "/home/runner/work/fuelflux/fuelflux/build-test/bin/fuelflux_tests" "--gtest_filter=BackendTest.DoubleAuthorize" "--gtest_also_run_disabled_tests"
Directory: /home/runner/work/fuelflux/fuelflux/build-test
"BackendTest.DoubleAuthorize" start time: Feb 03 15:29 UTC
Output:
----------------------------------------------------------
Running main() from /home/runner/work/fuelflux/fuelflux/build-test/_deps/googletest-src/googletest/src/gtest_main.cc
Note: Google Test filter = BackendTest.DoubleAuthorize
[==========] Running 1 test from 1 test suite.
[----------] Global test environment set-up.
[----------] 1 test from BackendTest
[ RUN      ] BackendTest.DoubleAuthorize
[2026-02-03 15:29:00.601] [info] Backend initialized with base API: http://127.0.0.1:50137 and controller UID: test-controller-001
[2026-02-03 15:29:00.601] [info] Authorizing card UID: card-uid-12345
[2026-02-03 15:29:00.602] [info] Authorization successful: RoleId=1, Allowance=50, Price=45.5, Tanks=2
[2026-02-03 15:29:00.602] [error] Already authorized. Call Deauthorize first.
[       OK ] BackendTest.DoubleAuthorize (101 ms)
[----------] 1 test from BackendTest (101 ms total)

[----------] Global test environment tear-down
[==========] 1 test from 1 test suite ran. (101 ms total)
[  PASSED  ] 1 test.
<end of output>
Test time =   0.10 sec
----------------------------------------------------------
Test Passed.
"BackendTest.DoubleAuthorize" end time: Feb 03 15:29 UTC
"BackendTest.DoubleAuthorize" time elapsed: 00:00:00
----------------------------------------------------------

5/86 Testing: BackendTest.DeauthorizeSuccess
5/86 Test: BackendTest.DeauthorizeSuccess
Command: "/home/runner/work/fuelflux/fuelflux/build-test/bin/fuelflux_tests" "--gtest_filter=BackendTest.DeauthorizeSuccess" "--gtest_also_run_disabled_tests"
Directory: /home/runner/work/fuelflux/fuelflux/build-test
"BackendTest.DeauthorizeSuccess" start time: Feb 03 15:29 UTC
Output:
----------------------------------------------------------
Running main() from /home/runner/work/fuelflux/fuelflux/build-test/_deps/googletest-src/googletest/src/gtest_main.cc
Note: Google Test filter = BackendTest.DeauthorizeSuccess
[==========] Running 1 test from 1 test suite.
[----------] Global test environment set-up.
[----------] 1 test from BackendTest
[ RUN      ] BackendTest.DeauthorizeSuccess
[2026-02-03 15:29:00.707] [info] Backend initialized with base API: http://127.0.0.1:42483 and controller UID: test-controller-001
[2026-02-03 15:29:00.707] [info] Authorizing card UID: card-uid-12345
[2026-02-03 15:29:00.707] [info] Authorization successful: RoleId=1, Allowance=50, Price=45.5, Tanks=2
[2026-02-03 15:29:00.707] [info] Deauthorizing
[2026-02-03 15:29:00.707] [info] Deauthorization successful
[       OK ] BackendTest.DeauthorizeSuccess (101 ms)
[----------] 1 test from BackendTest (101 ms total)

[----------] Global test environment tear-down
[==========] 1 test from 1 test suite ran. (101 ms total)
[  PASSED  ] 1 test.
<end of output>
Test time =   0.11 sec
----------------------------------------------------------
Test Passed.
"BackendTest.DeauthorizeSuccess" end time: Feb 03 15:29 UTC
"BackendTest.DeauthorizeSuccess" time elapsed: 00:00:00
----------------------------------------------------------

6/86 Testing: BackendTest.DeauthorizeWithoutAuthorize
6/86 Test: BackendTest.DeauthorizeWithoutAuthorize
Command: "/home/runner/work/fuelflux/fuelflux/build-test/bin/fuelflux_tests" "--gtest_filter=BackendTest.DeauthorizeWithoutAuthorize" "--gtest_also_run_disabled_tests"
Directory: /home/runner/work/fuelflux/fuelflux/build-test
"BackendTest.DeauthorizeWithoutAuthorize" start time: Feb 03 15:29 UTC
Output:
----------------------------------------------------------
Running main() from /home/runner/work/fuelflux/fuelflux/build-test/_deps/googletest-src/googletest/src/gtest_main.cc
Note: Google Test filter = BackendTest.DeauthorizeWithoutAuthorize
[==========] Running 1 test from 1 test suite.
[----------] Global test environment set-up.
[----------] 1 test from BackendTest
[ RUN      ] BackendTest.DeauthorizeWithoutAuthorize
[2026-02-03 15:29:00.812] [info] Backend initialized with base API: http://127.0.0.1:46399 and controller UID: test-controller-001
[2026-02-03 15:29:00.812] [error] Not authorized. Call Authorize first.
[       OK ] BackendTest.DeauthorizeWithoutAuthorize (100 ms)
[----------] 1 test from BackendTest (100 ms total)

[----------] Global test environment tear-down
[==========] 1 test from 1 test suite ran. (100 ms total)
[  PASSED  ] 1 test.
<end of output>
Test time =   0.10 sec
----------------------------------------------------------
Test Passed.
"BackendTest.DeauthorizeWithoutAuthorize" end time: Feb 03 15:29 UTC
"BackendTest.DeauthorizeWithoutAuthorize" time elapsed: 00:00:00
----------------------------------------------------------

7/86 Testing: BackendTest.RefuelSuccess
7/86 Test: BackendTest.RefuelSuccess
Command: "/home/runner/work/fuelflux/fuelflux/build-test/bin/fuelflux_tests" "--gtest_filter=BackendTest.RefuelSuccess" "--gtest_also_run_disabled_tests"
Directory: /home/runner/work/fuelflux/fuelflux/build-test
"BackendTest.RefuelSuccess" start time: Feb 03 15:29 UTC
Output:
----------------------------------------------------------
Running main() from /home/runner/work/fuelflux/fuelflux/build-test/_deps/googletest-src/googletest/src/gtest_main.cc
Note: Google Test filter = BackendTest.RefuelSuccess
[==========] Running 1 test from 1 test suite.
[----------] Global test environment set-up.
[----------] 1 test from BackendTest
[ RUN      ] BackendTest.RefuelSuccess
[2026-02-03 15:29:00.916] [info] Backend initialized with base API: http://127.0.0.1:46381 and controller UID: test-controller-001
[2026-02-03 15:29:00.917] [info] Authorizing card UID: card-uid-12345
[2026-02-03 15:29:00.917] [info] Authorization successful: RoleId=1, Allowance=50, Price=45.5, Tanks=2
[2026-02-03 15:29:00.917] [info] Refueling report: tank=1, volume=25, timestamp_ms=1770132540917
[2026-02-03 15:29:00.917] [info] Refueling report accepted
[       OK ] BackendTest.RefuelSuccess (101 ms)
[----------] 1 test from BackendTest (101 ms total)

[----------] Global test environment tear-down
[==========] 1 test from 1 test suite ran. (101 ms total)
[  PASSED  ] 1 test.
<end of output>
Test time =   0.11 sec
----------------------------------------------------------
Test Passed.
"BackendTest.RefuelSuccess" end time: Feb 03 15:29 UTC
"BackendTest.RefuelSuccess" time elapsed: 00:00:00
----------------------------------------------------------

8/86 Testing: BackendTest.RefuelWithoutAuthorization
8/86 Test: BackendTest.RefuelWithoutAuthorization
Command: "/home/runner/work/fuelflux/fuelflux/build-test/bin/fuelflux_tests" "--gtest_filter=BackendTest.RefuelWithoutAuthorization" "--gtest_also_run_disabled_tests"
Directory: /home/runner/work/fuelflux/fuelflux/build-test
"BackendTest.RefuelWithoutAuthorization" start time: Feb 03 15:29 UTC
Output:
----------------------------------------------------------
Running main() from /home/runner/work/fuelflux/fuelflux/build-test/_deps/googletest-src/googletest/src/gtest_main.cc
Note: Google Test filter = BackendTest.RefuelWithoutAuthorization
[==========] Running 1 test from 1 test suite.
[----------] Global test environment set-up.
[----------] 1 test from BackendTest
[ RUN      ] BackendTest.RefuelWithoutAuthorization
[2026-02-03 15:29:01.022] [info] Backend initialized with base API: http://127.0.0.1:39225 and controller UID: test-controller-001
[2026-02-03 15:29:01.022] [error] Invalid refueling report: backend is not authorized
[       OK ] BackendTest.RefuelWithoutAuthorization (100 ms)
[----------] 1 test from BackendTest (100 ms total)

[----------] Global test environment tear-down
[==========] 1 test from 1 test suite ran. (100 ms total)
[  PASSED  ] 1 test.
<end of output>
Test time =   0.10 sec
----------------------------------------------------------
Test Passed.
"BackendTest.RefuelWithoutAuthorization" end time: Feb 03 15:29 UTC
"BackendTest.RefuelWithoutAuthorization" time elapsed: 00:00:00
----------------------------------------------------------

9/86 Testing: BackendTest.RefuelInvalidTank
9/86 Test: BackendTest.RefuelInvalidTank
Command: "/home/runner/work/fuelflux/fuelflux/build-test/bin/fuelflux_tests" "--gtest_filter=BackendTest.RefuelInvalidTank" "--gtest_also_run_disabled_tests"
Directory: /home/runner/work/fuelflux/fuelflux/build-test
"BackendTest.RefuelInvalidTank" start time: Feb 03 15:29 UTC
Output:
----------------------------------------------------------
Running main() from /home/runner/work/fuelflux/fuelflux/build-test/_deps/googletest-src/googletest/src/gtest_main.cc
Note: Google Test filter = BackendTest.RefuelInvalidTank
[==========] Running 1 test from 1 test suite.
[----------] Global test environment set-up.
[----------] 1 test from BackendTest
[ RUN      ] BackendTest.RefuelInvalidTank
[2026-02-03 15:29:01.127] [info] Backend initialized with base API: http://127.0.0.1:51415 and controller UID: test-controller-001
[2026-02-03 15:29:01.127] [info] Authorizing card UID: card-uid-12345
[2026-02-03 15:29:01.128] [info] Authorization successful: RoleId=1, Allowance=50, Price=45.5, Tanks=2
[2026-02-03 15:29:01.128] [error] Invalid refueling report: tank 99 not found in authorized tanks
[       OK ] BackendTest.RefuelInvalidTank (101 ms)
[----------] 1 test from BackendTest (101 ms total)

[----------] Global test environment tear-down
[==========] 1 test from 1 test suite ran. (101 ms total)
[  PASSED  ] 1 test.
<end of output>
Test time =   0.11 sec
----------------------------------------------------------
Test Passed.
"BackendTest.RefuelInvalidTank" end time: Feb 03 15:29 UTC
"BackendTest.RefuelInvalidTank" time elapsed: 00:00:00
----------------------------------------------------------

10/86 Testing: BackendTest.RefuelNegativeVolume
10/86 Test: BackendTest.RefuelNegativeVolume
Command: "/home/runner/work/fuelflux/fuelflux/build-test/bin/fuelflux_tests" "--gtest_filter=BackendTest.RefuelNegativeVolume" "--gtest_also_run_disabled_tests"
Directory: /home/runner/work/fuelflux/fuelflux/build-test
"BackendTest.RefuelNegativeVolume" start time: Feb 03 15:29 UTC
Output:
----------------------------------------------------------
Running main() from /home/runner/work/fuelflux/fuelflux/build-test/_deps/googletest-src/googletest/src/gtest_main.cc
Note: Google Test filter = BackendTest.RefuelNegativeVolume
[==========] Running 1 test from 1 test suite.
[----------] Global test environment set-up.
[----------] 1 test from BackendTest
[ RUN      ] BackendTest.RefuelNegativeVolume
[2026-02-03 15:29:01.233] [info] Backend initialized with base API: http://127.0.0.1:40827 and controller UID: test-controller-001
[2026-02-03 15:29:01.233] [info] Authorizing card UID: card-uid-12345
[2026-02-03 15:29:01.233] [info] Authorization successful: RoleId=1, Allowance=50, Price=45.5, Tanks=2
[2026-02-03 15:29:01.234] [error] Invalid refueling report: volume -10 must be non-negative
[       OK ] BackendTest.RefuelNegativeVolume (101 ms)
[----------] 1 test from BackendTest (101 ms total)

[----------] Global test environment tear-down
[==========] 1 test from 1 test suite ran. (101 ms total)
[  PASSED  ] 1 test.
<end of output>
Test time =   0.11 sec
----------------------------------------------------------
Test Passed.
"BackendTest.RefuelNegativeVolume" end time: Feb 03 15:29 UTC
"BackendTest.RefuelNegativeVolume" time elapsed: 00:00:00
----------------------------------------------------------

11/86 Testing: BackendTest.RefuelExceedingAllowance
11/86 Test: BackendTest.RefuelExceedingAllowance
Command: "/home/runner/work/fuelflux/fuelflux/build-test/bin/fuelflux_tests" "--gtest_filter=BackendTest.RefuelExceedingAllowance" "--gtest_also_run_disabled_tests"
Directory: /home/runner/work/fuelflux/fuelflux/build-test
"BackendTest.RefuelExceedingAllowance" start time: Feb 03 15:29 UTC
Output:
----------------------------------------------------------
Running main() from /home/runner/work/fuelflux/fuelflux/build-test/_deps/googletest-src/googletest/src/gtest_main.cc
Note: Google Test filter = BackendTest.RefuelExceedingAllowance
[==========] Running 1 test from 1 test suite.
[----------] Global test environment set-up.
[----------] 1 test from BackendTest
[ RUN      ] BackendTest.RefuelExceedingAllowance
[2026-02-03 15:29:01.338] [info] Backend initialized with base API: http://127.0.0.1:42171 and controller UID: test-controller-001
[2026-02-03 15:29:01.338] [info] Authorizing card UID: card-uid-12345
[2026-02-03 15:29:01.339] [info] Authorization successful: RoleId=1, Allowance=50, Price=45.5, Tanks=2
[2026-02-03 15:29:01.339] [error] Invalid refueling report: volume 60 exceeds allowance 50
[       OK ] BackendTest.RefuelExceedingAllowance (101 ms)
[----------] 1 test from BackendTest (101 ms total)

[----------] Global test environment tear-down
[==========] 1 test from 1 test suite ran. (101 ms total)
[  PASSED  ] 1 test.
<end of output>
Test time =   0.10 sec
----------------------------------------------------------
Test Passed.
"BackendTest.RefuelExceedingAllowance" end time: Feb 03 15:29 UTC
"BackendTest.RefuelExceedingAllowance" time elapsed: 00:00:00
----------------------------------------------------------

12/86 Testing: BackendTest.IntakeSuccess
12/86 Test: BackendTest.IntakeSuccess
Command: "/home/runner/work/fuelflux/fuelflux/build-test/bin/fuelflux_tests" "--gtest_filter=BackendTest.IntakeSuccess" "--gtest_also_run_disabled_tests"
Directory: /home/runner/work/fuelflux/fuelflux/build-test
"BackendTest.IntakeSuccess" start time: Feb 03 15:29 UTC
Output:
----------------------------------------------------------
Running main() from /home/runner/work/fuelflux/fuelflux/build-test/_deps/googletest-src/googletest/src/gtest_main.cc
Note: Google Test filter = BackendTest.IntakeSuccess
[==========] Running 1 test from 1 test suite.
[----------] Global test environment set-up.
[----------] 1 test from BackendTest
[ RUN      ] BackendTest.IntakeSuccess
[2026-02-03 15:29:01.443] [info] Backend initialized with base API: http://127.0.0.1:39683 and controller UID: test-controller-001
[2026-02-03 15:29:01.444] [info] Authorizing card UID: operator-card-uid
[2026-02-03 15:29:01.444] [info] Authorization successful: RoleId=2, Allowance=0, Price=0, Tanks=1
[2026-02-03 15:29:01.444] [info] Fuel intake report: tank=1, volume=100, direction=1, timestamp_ms=1770132541444
[2026-02-03 15:29:01.444] [info] Fuel intake report accepted
[       OK ] BackendTest.IntakeSuccess (101 ms)
[----------] 1 test from BackendTest (101 ms total)

[----------] Global test environment tear-down
[==========] 1 test from 1 test suite ran. (101 ms total)
[  PASSED  ] 1 test.
<end of output>
Test time =   0.11 sec
----------------------------------------------------------
Test Passed.
"BackendTest.IntakeSuccess" end time: Feb 03 15:29 UTC
"BackendTest.IntakeSuccess" time elapsed: 00:00:00
----------------------------------------------------------

13/86 Testing: BackendTest.IntakeWithCustomerRole
13/86 Test: BackendTest.IntakeWithCustomerRole
Command: "/home/runner/work/fuelflux/fuelflux/build-test/bin/fuelflux_tests" "--gtest_filter=BackendTest.IntakeWithCustomerRole" "--gtest_also_run_disabled_tests"
Directory: /home/runner/work/fuelflux/fuelflux/build-test
"BackendTest.IntakeWithCustomerRole" start time: Feb 03 15:29 UTC
Output:
----------------------------------------------------------
Running main() from /home/runner/work/fuelflux/fuelflux/build-test/_deps/googletest-src/googletest/src/gtest_main.cc
Note: Google Test filter = BackendTest.IntakeWithCustomerRole
[==========] Running 1 test from 1 test suite.
[----------] Global test environment set-up.
[----------] 1 test from BackendTest
[ RUN      ] BackendTest.IntakeWithCustomerRole
[2026-02-03 15:29:01.549] [info] Backend initialized with base API: http://127.0.0.1:46295 and controller UID: test-controller-001
[2026-02-03 15:29:01.549] [info] Authorizing card UID: card-uid-12345
[2026-02-03 15:29:01.550] [info] Authorization successful: RoleId=1, Allowance=50, Price=45.5, Tanks=2
[2026-02-03 15:29:01.550] [error] Invalid intake report: role 1 is not allowed (expected Operator)
[       OK ] BackendTest.IntakeWithCustomerRole (101 ms)
[----------] 1 test from BackendTest (101 ms total)

[----------] Global test environment tear-down
[==========] 1 test from 1 test suite ran. (101 ms total)
[  PASSED  ] 1 test.
<end of output>
Test time =   0.10 sec
----------------------------------------------------------
Test Passed.
"BackendTest.IntakeWithCustomerRole" end time: Feb 03 15:29 UTC
"BackendTest.IntakeWithCustomerRole" time elapsed: 00:00:00
----------------------------------------------------------

14/86 Testing: BackendTest.IntakeWithoutAuthorization
14/86 Test: BackendTest.IntakeWithoutAuthorization
Command: "/home/runner/work/fuelflux/fuelflux/build-test/bin/fuelflux_tests" "--gtest_filter=BackendTest.IntakeWithoutAuthorization" "--gtest_also_run_disabled_tests"
Directory: /home/runner/work/fuelflux/fuelflux/build-test
"BackendTest.IntakeWithoutAuthorization" start time: Feb 03 15:29 UTC
Output:
----------------------------------------------------------
Running main() from /home/runner/work/fuelflux/fuelflux/build-test/_deps/googletest-src/googletest/src/gtest_main.cc
Note: Google Test filter = BackendTest.IntakeWithoutAuthorization
[==========] Running 1 test from 1 test suite.
[----------] Global test environment set-up.
[----------] 1 test from BackendTest
[ RUN      ] BackendTest.IntakeWithoutAuthorization
[2026-02-03 15:29:01.654] [info] Backend initialized with base API: http://127.0.0.1:56715 and controller UID: test-controller-001
[2026-02-03 15:29:01.654] [error] Invalid intake report: backend is not authorized
[       OK ] BackendTest.IntakeWithoutAuthorization (100 ms)
[----------] 1 test from BackendTest (100 ms total)

[----------] Global test environment tear-down
[==========] 1 test from 1 test suite ran. (100 ms total)
[  PASSED  ] 1 test.
<end of output>
Test time =   0.10 sec
----------------------------------------------------------
Test Passed.
"BackendTest.IntakeWithoutAuthorization" end time: Feb 03 15:29 UTC
"BackendTest.IntakeWithoutAuthorization" time elapsed: 00:00:00
----------------------------------------------------------

15/86 Testing: BackendTest.IntakeInvalidTank
15/86 Test: BackendTest.IntakeInvalidTank
Command: "/home/runner/work/fuelflux/fuelflux/build-test/bin/fuelflux_tests" "--gtest_filter=BackendTest.IntakeInvalidTank" "--gtest_also_run_disabled_tests"
Directory: /home/runner/work/fuelflux/fuelflux/build-test
"BackendTest.IntakeInvalidTank" start time: Feb 03 15:29 UTC
Output:
----------------------------------------------------------
Running main() from /home/runner/work/fuelflux/fuelflux/build-test/_deps/googletest-src/googletest/src/gtest_main.cc
Note: Google Test filter = BackendTest.IntakeInvalidTank
[==========] Running 1 test from 1 test suite.
[----------] Global test environment set-up.
[----------] 1 test from BackendTest
[ RUN      ] BackendTest.IntakeInvalidTank
[2026-02-03 15:29:01.758] [info] Backend initialized with base API: http://127.0.0.1:59997 and controller UID: test-controller-001
[2026-02-03 15:29:01.758] [info] Authorizing card UID: operator-card-uid
[2026-02-03 15:29:01.759] [info] Authorization successful: RoleId=2, Allowance=0, Price=0, Tanks=1
[2026-02-03 15:29:01.759] [error] Invalid intake report: tank 99 not found in authorized tanks
[       OK ] BackendTest.IntakeInvalidTank (101 ms)
[----------] 1 test from BackendTest (101 ms total)

[----------] Global test environment tear-down
[==========] 1 test from 1 test suite ran. (101 ms total)
[  PASSED  ] 1 test.
<end of output>
Test time =   0.10 sec
----------------------------------------------------------
Test Passed.
"BackendTest.IntakeInvalidTank" end time: Feb 03 15:29 UTC
"BackendTest.IntakeInvalidTank" time elapsed: 00:00:00
----------------------------------------------------------

16/86 Testing: BackendTest.IntakeNegativeVolume
16/86 Test: BackendTest.IntakeNegativeVolume
Command: "/home/runner/work/fuelflux/fuelflux/build-test/bin/fuelflux_tests" "--gtest_filter=BackendTest.IntakeNegativeVolume" "--gtest_also_run_disabled_tests"
Directory: /home/runner/work/fuelflux/fuelflux/build-test
"BackendTest.IntakeNegativeVolume" start time: Feb 03 15:29 UTC
Output:
----------------------------------------------------------
Running main() from /home/runner/work/fuelflux/fuelflux/build-test/_deps/googletest-src/googletest/src/gtest_main.cc
Note: Google Test filter = BackendTest.IntakeNegativeVolume
[==========] Running 1 test from 1 test suite.
[----------] Global test environment set-up.
[----------] 1 test from BackendTest
[ RUN      ] BackendTest.IntakeNegativeVolume
[2026-02-03 15:29:01.864] [info] Backend initialized with base API: http://127.0.0.1:42477 and controller UID: test-controller-001
[2026-02-03 15:29:01.864] [info] Authorizing card UID: operator-card-uid
[2026-02-03 15:29:01.864] [info] Authorization successful: RoleId=2, Allowance=0, Price=0, Tanks=1
[2026-02-03 15:29:01.864] [error] Invalid intake report: volume -100 must be non-negative
[       OK ] BackendTest.IntakeNegativeVolume (101 ms)
[----------] 1 test from BackendTest (101 ms total)

[----------] Global test environment tear-down
[==========] 1 test from 1 test suite ran. (101 ms total)
[  PASSED  ] 1 test.
<end of output>
Test time =   0.11 sec
----------------------------------------------------------
Test Passed.
"BackendTest.IntakeNegativeVolume" end time: Feb 03 15:29 UTC
"BackendTest.IntakeNegativeVolume" time elapsed: 00:00:00
----------------------------------------------------------

17/86 Testing: BackendTest.ConnectionErrorHandling
17/86 Test: BackendTest.ConnectionErrorHandling
Command: "/home/runner/work/fuelflux/fuelflux/build-test/bin/fuelflux_tests" "--gtest_filter=BackendTest.ConnectionErrorHandling" "--gtest_also_run_disabled_tests"
Directory: /home/runner/work/fuelflux/fuelflux/build-test
"BackendTest.ConnectionErrorHandling" start time: Feb 03 15:29 UTC
Output:
----------------------------------------------------------
Running main() from /home/runner/work/fuelflux/fuelflux/build-test/_deps/googletest-src/googletest/src/gtest_main.cc
Note: Google Test filter = BackendTest.ConnectionErrorHandling
[==========] Running 1 test from 1 test suite.
[----------] Global test environment set-up.
[----------] 1 test from BackendTest
[ RUN      ] BackendTest.ConnectionErrorHandling
[2026-02-03 15:29:01.969] [info] Backend initialized with base API: http://127.0.0.1:1 and controller UID: test-controller-001
[2026-02-03 15:29:01.969] [info] Authorizing card UID: card-uid-12345
[2026-02-03 15:29:01.970] [error] HTTP request failed: Connection error
[2026-02-03 15:29:01.970] [error] Authorization failed: Ошибка связи с сервером
[       OK ] BackendTest.ConnectionErrorHandling (101 ms)
[----------] 1 test from BackendTest (101 ms total)

[----------] Global test environment tear-down
[==========] 1 test from 1 test suite ran. (101 ms total)
[  PASSED  ] 1 test.
<end of output>
Test time =   0.10 sec
----------------------------------------------------------
Test Passed.
"BackendTest.ConnectionErrorHandling" end time: Feb 03 15:29 UTC
"BackendTest.ConnectionErrorHandling" time elapsed: 00:00:00
----------------------------------------------------------

18/86 Testing: BackendTest.TimeoutErrorHandling
18/86 Test: BackendTest.TimeoutErrorHandling
Command: "/home/runner/work/fuelflux/fuelflux/build-test/bin/fuelflux_tests" "--gtest_filter=BackendTest.TimeoutErrorHandling" "--gtest_also_run_disabled_tests"
Directory: /home/runner/work/fuelflux/fuelflux/build-test
"BackendTest.TimeoutErrorHandling" start time: Feb 03 15:29 UTC
Output:
----------------------------------------------------------
Running main() from /home/runner/work/fuelflux/fuelflux/build-test/_deps/googletest-src/googletest/src/gtest_main.cc
Note: Google Test filter = BackendTest.TimeoutErrorHandling
[==========] Running 1 test from 1 test suite.
[----------] Global test environment set-up.
[----------] 1 test from BackendTest
[ RUN      ] BackendTest.TimeoutErrorHandling
[2026-02-03 15:29:02.074] [info] Backend initialized with base API: http://127.0.0.1:60189 and controller UID: test-controller-001
[2026-02-03 15:29:02.074] [info] Authorizing card UID: card-uid-12345
[2026-02-03 15:29:12.078] [error] HTTP request failed: Read error
[2026-02-03 15:29:12.078] [error] Authorization failed: Ошибка связи с сервером
[       OK ] BackendTest.TimeoutErrorHandling (11100 ms)
[----------] 1 test from BackendTest (11100 ms total)

[----------] Global test environment tear-down
[==========] 1 test from 1 test suite ran. (11100 ms total)
[  PASSED  ] 1 test.
<end of output>
Test time =  11.10 sec
----------------------------------------------------------
Test Passed.
"BackendTest.TimeoutErrorHandling" end time: Feb 03 15:29 UTC
"BackendTest.TimeoutErrorHandling" time elapsed: 00:00:11
----------------------------------------------------------

19/86 Testing: BackendTest.Http404ErrorHandling
19/86 Test: BackendTest.Http404ErrorHandling
Command: "/home/runner/work/fuelflux/fuelflux/build-test/bin/fuelflux_tests" "--gtest_filter=BackendTest.Http404ErrorHandling" "--gtest_also_run_disabled_tests"
Directory: /home/runner/work/fuelflux/fuelflux/build-test
"BackendTest.Http404ErrorHandling" start time: Feb 03 15:29 UTC
Output:
----------------------------------------------------------
Running main() from /home/runner/work/fuelflux/fuelflux/build-test/_deps/googletest-src/googletest/src/gtest_main.cc
Note: Google Test filter = BackendTest.Http404ErrorHandling
[==========] Running 1 test from 1 test suite.
[----------] Global test environment set-up.
[----------] 1 test from BackendTest
[ RUN      ] BackendTest.Http404ErrorHandling
[2026-02-03 15:29:13.180] [info] Backend initialized with base API: http://127.0.0.1:59641 and controller UID: test-controller-001
[2026-02-03 15:29:13.180] [info] Authorizing card UID: card-uid-12345
[2026-02-03 15:29:13.180] [error] System error, code 404
[2026-02-03 15:29:13.180] [error] Authorization failed: Ошибка связи с сервером
[       OK ] BackendTest.Http404ErrorHandling (101 ms)
[----------] 1 test from BackendTest (101 ms total)

[----------] Global test environment tear-down
[==========] 1 test from 1 test suite ran. (101 ms total)
[  PASSED  ] 1 test.
<end of output>
Test time =   0.11 sec
----------------------------------------------------------
Test Passed.
"BackendTest.Http404ErrorHandling" end time: Feb 03 15:29 UTC
"BackendTest.Http404ErrorHandling" time elapsed: 00:00:00
----------------------------------------------------------

20/86 Testing: BackendTest.Http500ErrorHandling
20/86 Test: BackendTest.Http500ErrorHandling
Command: "/home/runner/work/fuelflux/fuelflux/build-test/bin/fuelflux_tests" "--gtest_filter=BackendTest.Http500ErrorHandling" "--gtest_also_run_disabled_tests"
Directory: /home/runner/work/fuelflux/fuelflux/build-test
"BackendTest.Http500ErrorHandling" start time: Feb 03 15:29 UTC
Output:
----------------------------------------------------------
Running main() from /home/runner/work/fuelflux/fuelflux/build-test/_deps/googletest-src/googletest/src/gtest_main.cc
Note: Google Test filter = BackendTest.Http500ErrorHandling
[==========] Running 1 test from 1 test suite.
[----------] Global test environment set-up.
[----------] 1 test from BackendTest
[ RUN      ] BackendTest.Http500ErrorHandling
[2026-02-03 15:29:13.285] [info] Backend initialized with base API: http://127.0.0.1:57171 and controller UID: test-controller-001
[2026-02-03 15:29:13.285] [info] Authorizing card UID: card-uid-12345
[2026-02-03 15:29:13.286] [error] System error, code 500
[2026-02-03 15:29:13.286] [error] Authorization failed: Ошибка связи с сервером
[       OK ] BackendTest.Http500ErrorHandling (101 ms)
[----------] 1 test from BackendTest (101 ms total)

[----------] Global test environment tear-down
[==========] 1 test from 1 test suite ran. (101 ms total)
[  PASSED  ] 1 test.
<end of output>
Test time =   0.11 sec
----------------------------------------------------------
Test Passed.
"BackendTest.Http500ErrorHandling" end time: Feb 03 15:29 UTC
"BackendTest.Http500ErrorHandling" time elapsed: 00:00:00
----------------------------------------------------------

21/86 Testing: BackendTest.Http503ErrorHandling
21/86 Test: BackendTest.Http503ErrorHandling
Command: "/home/runner/work/fuelflux/fuelflux/build-test/bin/fuelflux_tests" "--gtest_filter=BackendTest.Http503ErrorHandling" "--gtest_also_run_disabled_tests"
Directory: /home/runner/work/fuelflux/fuelflux/build-test
"BackendTest.Http503ErrorHandling" start time: Feb 03 15:29 UTC
Output:
----------------------------------------------------------
Running main() from /home/runner/work/fuelflux/fuelflux/build-test/_deps/googletest-src/googletest/src/gtest_main.cc
Note: Google Test filter = BackendTest.Http503ErrorHandling
[==========] Running 1 test from 1 test suite.
[----------] Global test environment set-up.
[----------] 1 test from BackendTest
[ RUN      ] BackendTest.Http503ErrorHandling
[2026-02-03 15:29:13.391] [info] Backend initialized with base API: http://127.0.0.1:50169 and controller UID: test-controller-001
[2026-02-03 15:29:13.391] [info] Authorizing card UID: card-uid-12345
[2026-02-03 15:29:13.391] [error] System error, code 503
[2026-02-03 15:29:13.391] [error] Authorization failed: Ошибка связи с сервером
[       OK ] BackendTest.Http503ErrorHandling (101 ms)
[----------] 1 test from BackendTest (101 ms total)

[----------] Global test environment tear-down
[==========] 1 test from 1 test suite ran. (101 ms total)
[  PASSED  ] 1 test.
<end of output>
Test time =   0.11 sec
----------------------------------------------------------
Test Passed.
"BackendTest.Http503ErrorHandling" end time: Feb 03 15:29 UTC
"BackendTest.Http503ErrorHandling" time elapsed: 00:00:00
----------------------------------------------------------

22/86 Testing: BackendTest.MalformedJsonErrorHandling
22/86 Test: BackendTest.MalformedJsonErrorHandling
Command: "/home/runner/work/fuelflux/fuelflux/build-test/bin/fuelflux_tests" "--gtest_filter=BackendTest.MalformedJsonErrorHandling" "--gtest_also_run_disabled_tests"
Directory: /home/runner/work/fuelflux/fuelflux/build-test
"BackendTest.MalformedJsonErrorHandling" start time: Feb 03 15:29 UTC
Output:
----------------------------------------------------------
Running main() from /home/runner/work/fuelflux/fuelflux/build-test/_deps/googletest-src/googletest/src/gtest_main.cc
Note: Google Test filter = BackendTest.MalformedJsonErrorHandling
[==========] Running 1 test from 1 test suite.
[----------] Global test environment set-up.
[----------] 1 test from BackendTest
[ RUN      ] BackendTest.MalformedJsonErrorHandling
[2026-02-03 15:29:13.497] [info] Backend initialized with base API: http://127.0.0.1:39173 and controller UID: test-controller-001
[2026-02-03 15:29:13.497] [info] Authorizing card UID: card-uid-12345
[2026-02-03 15:29:13.497] [error] Failed to parse response JSON: [json.exception.parse_error.101] parse error at line 1, column 2: syntax error while parsing object key - invalid literal; last read: '{i'; expected string literal
[2026-02-03 15:29:13.497] [error] Authorization failed: Ошибка связи с сервером
[       OK ] BackendTest.MalformedJsonErrorHandling (101 ms)
[----------] 1 test from BackendTest (101 ms total)

[----------] Global test environment tear-down
[==========] 1 test from 1 test suite ran. (101 ms total)
[  PASSED  ] 1 test.
<end of output>
Test time =   0.11 sec
----------------------------------------------------------
Test Passed.
"BackendTest.MalformedJsonErrorHandling" end time: Feb 03 15:29 UTC
"BackendTest.MalformedJsonErrorHandling" time elapsed: 00:00:00
----------------------------------------------------------

23/86 Testing: BackendTest.IncompleteJsonErrorHandling
23/86 Test: BackendTest.IncompleteJsonErrorHandling
Command: "/home/runner/work/fuelflux/fuelflux/build-test/bin/fuelflux_tests" "--gtest_filter=BackendTest.IncompleteJsonErrorHandling" "--gtest_also_run_disabled_tests"
Directory: /home/runner/work/fuelflux/fuelflux/build-test
"BackendTest.IncompleteJsonErrorHandling" start time: Feb 03 15:29 UTC
Output:
----------------------------------------------------------
Running main() from /home/runner/work/fuelflux/fuelflux/build-test/_deps/googletest-src/googletest/src/gtest_main.cc
Note: Google Test filter = BackendTest.IncompleteJsonErrorHandling
[==========] Running 1 test from 1 test suite.
[----------] Global test environment set-up.
[----------] 1 test from BackendTest
[ RUN      ] BackendTest.IncompleteJsonErrorHandling
[2026-02-03 15:29:13.602] [info] Backend initialized with base API: http://127.0.0.1:58913 and controller UID: test-controller-001
[2026-02-03 15:29:13.602] [info] Authorizing card UID: card-uid-12345
[2026-02-03 15:29:13.602] [error] Failed to parse response JSON: [json.exception.parse_error.101] parse error at line 1, column 35: syntax error while parsing value - unexpected end of input; expected '[', '{', or a literal
[2026-02-03 15:29:13.602] [error] Authorization failed: Ошибка связи с сервером
[       OK ] BackendTest.IncompleteJsonErrorHandling (101 ms)
[----------] 1 test from BackendTest (101 ms total)

[----------] Global test environment tear-down
[==========] 1 test from 1 test suite ran. (101 ms total)
[  PASSED  ] 1 test.
<end of output>
Test time =   0.10 sec
----------------------------------------------------------
Test Passed.
"BackendTest.IncompleteJsonErrorHandling" end time: Feb 03 15:29 UTC
"BackendTest.IncompleteJsonErrorHandling" time elapsed: 00:00:00
----------------------------------------------------------

24/86 Testing: BackendTest.DeauthorizeConnectionError
24/86 Test: BackendTest.DeauthorizeConnectionError
Command: "/home/runner/work/fuelflux/fuelflux/build-test/bin/fuelflux_tests" "--gtest_filter=BackendTest.DeauthorizeConnectionError" "--gtest_also_run_disabled_tests"
Directory: /home/runner/work/fuelflux/fuelflux/build-test
"BackendTest.DeauthorizeConnectionError" start time: Feb 03 15:29 UTC
Output:
----------------------------------------------------------
Running main() from /home/runner/work/fuelflux/fuelflux/build-test/_deps/googletest-src/googletest/src/gtest_main.cc
Note: Google Test filter = BackendTest.DeauthorizeConnectionError
[==========] Running 1 test from 1 test suite.
[----------] Global test environment set-up.
[----------] 1 test from BackendTest
[ RUN      ] BackendTest.DeauthorizeConnectionError
[2026-02-03 15:29:13.707] [info] Backend initialized with base API: http://127.0.0.1:50595 and controller UID: test-controller-001
[2026-02-03 15:29:13.707] [info] Authorizing card UID: card-uid-12345
[2026-02-03 15:29:13.708] [info] Authorization successful: RoleId=1, Allowance=50, Price=45.5, Tanks=2
[2026-02-03 15:29:13.708] [info] Deauthorizing
[2026-02-03 15:29:13.708] [error] System error, code 504
[2026-02-03 15:29:13.708] [error] Deauthorization failed: Ошибка связи с сервером (state cleared for safety)
[       OK ] BackendTest.DeauthorizeConnectionError (101 ms)
[----------] 1 test from BackendTest (101 ms total)

[----------] Global test environment tear-down
[==========] 1 test from 1 test suite ran. (101 ms total)
[  PASSED  ] 1 test.
<end of output>
Test time =   0.11 sec
----------------------------------------------------------
Test Passed.
"BackendTest.DeauthorizeConnectionError" end time: Feb 03 15:29 UTC
"BackendTest.DeauthorizeConnectionError" time elapsed: 00:00:00
----------------------------------------------------------

25/86 Testing: BackendTest.RefuelHttpError
25/86 Test: BackendTest.RefuelHttpError
Command: "/home/runner/work/fuelflux/fuelflux/build-test/bin/fuelflux_tests" "--gtest_filter=BackendTest.RefuelHttpError" "--gtest_also_run_disabled_tests"
Directory: /home/runner/work/fuelflux/fuelflux/build-test
"BackendTest.RefuelHttpError" start time: Feb 03 15:29 UTC
Output:
----------------------------------------------------------
Running main() from /home/runner/work/fuelflux/fuelflux/build-test/_deps/googletest-src/googletest/src/gtest_main.cc
Note: Google Test filter = BackendTest.RefuelHttpError
[==========] Running 1 test from 1 test suite.
[----------] Global test environment set-up.
[----------] 1 test from BackendTest
[ RUN      ] BackendTest.RefuelHttpError
[2026-02-03 15:29:13.813] [info] Backend initialized with base API: http://127.0.0.1:51087 and controller UID: test-controller-001
[2026-02-03 15:29:13.813] [info] Authorizing card UID: card-uid-12345
[2026-02-03 15:29:13.813] [info] Authorization successful: RoleId=1, Allowance=50, Price=45.5, Tanks=2
[2026-02-03 15:29:13.813] [info] Refueling report: tank=1, volume=25, timestamp_ms=1770132553813
[2026-02-03 15:29:13.814] [error] System error, code 500
[2026-02-03 15:29:13.814] [error] Failed to send refueling report: Ошибка связи с сервером
[       OK ] BackendTest.RefuelHttpError (101 ms)
[----------] 1 test from BackendTest (101 ms total)

[----------] Global test environment tear-down
[==========] 1 test from 1 test suite ran. (101 ms total)
[  PASSED  ] 1 test.
<end of output>
Test time =   0.11 sec
----------------------------------------------------------
Test Passed.
"BackendTest.RefuelHttpError" end time: Feb 03 15:29 UTC
"BackendTest.RefuelHttpError" time elapsed: 00:00:00
----------------------------------------------------------

26/86 Testing: BackendTest.IntakeJsonParseError
26/86 Test: BackendTest.IntakeJsonParseError
Command: "/home/runner/work/fuelflux/fuelflux/build-test/bin/fuelflux_tests" "--gtest_filter=BackendTest.IntakeJsonParseError" "--gtest_also_run_disabled_tests"
Directory: /home/runner/work/fuelflux/fuelflux/build-test
"BackendTest.IntakeJsonParseError" start time: Feb 03 15:29 UTC
Output:
----------------------------------------------------------
Running main() from /home/runner/work/fuelflux/fuelflux/build-test/_deps/googletest-src/googletest/src/gtest_main.cc
Note: Google Test filter = BackendTest.IntakeJsonParseError
[==========] Running 1 test from 1 test suite.
[----------] Global test environment set-up.
[----------] 1 test from BackendTest
[ RUN      ] BackendTest.IntakeJsonParseError
[2026-02-03 15:29:13.918] [info] Backend initialized with base API: http://127.0.0.1:39255 and controller UID: test-controller-001
[2026-02-03 15:29:13.918] [info] Authorizing card UID: operator-card-uid
[2026-02-03 15:29:13.919] [info] Authorization successful: RoleId=2, Allowance=0, Price=0, Tanks=1
[2026-02-03 15:29:13.919] [info] Fuel intake report: tank=1, volume=100, direction=1, timestamp_ms=1770132553919
[2026-02-03 15:29:13.919] [error] Failed to parse response JSON: [json.exception.parse_error.101] parse error at line 1, column 2: syntax error while parsing value - invalid literal; last read: 'no'
[2026-02-03 15:29:13.919] [error] Failed to send fuel intake report: Ошибка связи с сервером
[       OK ] BackendTest.IntakeJsonParseError (101 ms)
[----------] 1 test from BackendTest (101 ms total)

[----------] Global test environment tear-down
[==========] 1 test from 1 test suite ran. (101 ms total)
[  PASSED  ] 1 test.
<end of output>
Test time =   0.11 sec
----------------------------------------------------------
Test Passed.
"BackendTest.IntakeJsonParseError" end time: Feb 03 15:29 UTC
"BackendTest.IntakeJsonParseError" time elapsed: 00:00:00
----------------------------------------------------------

27/86 Testing: BackendFactoryTest.CreateBackendWithNullptrStorage
27/86 Test: BackendFactoryTest.CreateBackendWithNullptrStorage
Command: "/home/runner/work/fuelflux/fuelflux/build-test/bin/fuelflux_tests" "--gtest_filter=BackendFactoryTest.CreateBackendWithNullptrStorage" "--gtest_also_run_disabled_tests"
Directory: /home/runner/work/fuelflux/fuelflux/build-test
"BackendFactoryTest.CreateBackendWithNullptrStorage" start time: Feb 03 15:29 UTC
Output:
----------------------------------------------------------
Running main() from /home/runner/work/fuelflux/fuelflux/build-test/_deps/googletest-src/googletest/src/gtest_main.cc
Note: Google Test filter = BackendFactoryTest.CreateBackendWithNullptrStorage
[==========] Running 1 test from 1 test suite.
[----------] Global test environment set-up.
[----------] 1 test from BackendFactoryTest
[ RUN      ] BackendFactoryTest.CreateBackendWithNullptrStorage
[2026-02-03 15:29:13.924] [info] Backend initialized with base API: http://ttft.uxp.ru and controller UID: 232390330480218
[       OK ] BackendFactoryTest.CreateBackendWithNullptrStorage (0 ms)
[----------] 1 test from BackendFactoryTest (0 ms total)

[----------] Global test environment tear-down
[==========] 1 test from 1 test suite ran. (0 ms total)
[  PASSED  ] 1 test.
<end of output>
Test time =   0.00 sec
----------------------------------------------------------
Test Passed.
"BackendFactoryTest.CreateBackendWithNullptrStorage" end time: Feb 03 15:29 UTC
"BackendFactoryTest.CreateBackendWithNullptrStorage" time elapsed: 00:00:00
----------------------------------------------------------

28/86 Testing: BackendFactoryTest.CreateBackendWithDefaultParameter
28/86 Test: BackendFactoryTest.CreateBackendWithDefaultParameter
Command: "/home/runner/work/fuelflux/fuelflux/build-test/bin/fuelflux_tests" "--gtest_filter=BackendFactoryTest.CreateBackendWithDefaultParameter" "--gtest_also_run_disabled_tests"
Directory: /home/runner/work/fuelflux/fuelflux/build-test
"BackendFactoryTest.CreateBackendWithDefaultParameter" start time: Feb 03 15:29 UTC
Output:
----------------------------------------------------------
Running main() from /home/runner/work/fuelflux/fuelflux/build-test/_deps/googletest-src/googletest/src/gtest_main.cc
Note: Google Test filter = BackendFactoryTest.CreateBackendWithDefaultParameter
[==========] Running 1 test from 1 test suite.
[----------] Global test environment set-up.
[----------] 1 test from BackendFactoryTest
[ RUN      ] BackendFactoryTest.CreateBackendWithDefaultParameter
[2026-02-03 15:29:13.928] [info] Backend initialized with base API: http://ttft.uxp.ru and controller UID: 232390330480218
[       OK ] BackendFactoryTest.CreateBackendWithDefaultParameter (0 ms)
[----------] 1 test from BackendFactoryTest (0 ms total)

[----------] Global test environment tear-down
[==========] 1 test from 1 test suite ran. (0 ms total)
[  PASSED  ] 1 test.
<end of output>
Test time =   0.00 sec
----------------------------------------------------------
Test Passed.
"BackendFactoryTest.CreateBackendWithDefaultParameter" end time: Feb 03 15:29 UTC
"BackendFactoryTest.CreateBackendWithDefaultParameter" time elapsed: 00:00:00
----------------------------------------------------------

29/86 Testing: BackendFactoryTest.CreateBackendWithValidStorage
29/86 Test: BackendFactoryTest.CreateBackendWithValidStorage
Command: "/home/runner/work/fuelflux/fuelflux/build-test/bin/fuelflux_tests" "--gtest_filter=BackendFactoryTest.CreateBackendWithValidStorage" "--gtest_also_run_disabled_tests"
Directory: /home/runner/work/fuelflux/fuelflux/build-test
"BackendFactoryTest.CreateBackendWithValidStorage" start time: Feb 03 15:29 UTC
Output:
----------------------------------------------------------
Running main() from /home/runner/work/fuelflux/fuelflux/build-test/_deps/googletest-src/googletest/src/gtest_main.cc
Note: Google Test filter = BackendFactoryTest.CreateBackendWithValidStorage
[==========] Running 1 test from 1 test suite.
[----------] Global test environment set-up.
[----------] 1 test from BackendFactoryTest
[ RUN      ] BackendFactoryTest.CreateBackendWithValidStorage
[2026-02-03 15:29:13.942] [info] Backend initialized with base API: http://ttft.uxp.ru and controller UID: 232390330480218
[       OK ] BackendFactoryTest.CreateBackendWithValidStorage (11 ms)
[----------] 1 test from BackendFactoryTest (11 ms total)

[----------] Global test environment tear-down
[==========] 1 test from 1 test suite ran. (11 ms total)
[  PASSED  ] 1 test.
<end of output>
Test time =   0.01 sec
----------------------------------------------------------
Test Passed.
"BackendFactoryTest.CreateBackendWithValidStorage" end time: Feb 03 15:29 UTC
"BackendFactoryTest.CreateBackendWithValidStorage" time elapsed: 00:00:00
----------------------------------------------------------

30/86 Testing: BackendFactoryTest.CreateBackendSharedWithNullptrStorage
30/86 Test: BackendFactoryTest.CreateBackendSharedWithNullptrStorage
Command: "/home/runner/work/fuelflux/fuelflux/build-test/bin/fuelflux_tests" "--gtest_filter=BackendFactoryTest.CreateBackendSharedWithNullptrStorage" "--gtest_also_run_disabled_tests"
Directory: /home/runner/work/fuelflux/fuelflux/build-test
"BackendFactoryTest.CreateBackendSharedWithNullptrStorage" start time: Feb 03 15:29 UTC
Output:
----------------------------------------------------------
Running main() from /home/runner/work/fuelflux/fuelflux/build-test/_deps/googletest-src/googletest/src/gtest_main.cc
Note: Google Test filter = BackendFactoryTest.CreateBackendSharedWithNullptrStorage
[==========] Running 1 test from 1 test suite.
[----------] Global test environment set-up.
[----------] 1 test from BackendFactoryTest
[ RUN      ] BackendFactoryTest.CreateBackendSharedWithNullptrStorage
[2026-02-03 15:29:13.946] [info] Backend initialized with base API: http://ttft.uxp.ru and controller UID: 232390330480218
[       OK ] BackendFactoryTest.CreateBackendSharedWithNullptrStorage (0 ms)
[----------] 1 test from BackendFactoryTest (0 ms total)

[----------] Global test environment tear-down
[==========] 1 test from 1 test suite ran. (0 ms total)
[  PASSED  ] 1 test.
<end of output>
Test time =   0.00 sec
----------------------------------------------------------
Test Passed.
"BackendFactoryTest.CreateBackendSharedWithNullptrStorage" end time: Feb 03 15:29 UTC
"BackendFactoryTest.CreateBackendSharedWithNullptrStorage" time elapsed: 00:00:00
----------------------------------------------------------

31/86 Testing: BackendFactoryTest.CreateBackendSharedWithDefaultParameter
31/86 Test: BackendFactoryTest.CreateBackendSharedWithDefaultParameter
Command: "/home/runner/work/fuelflux/fuelflux/build-test/bin/fuelflux_tests" "--gtest_filter=BackendFactoryTest.CreateBackendSharedWithDefaultParameter" "--gtest_also_run_disabled_tests"
Directory: /home/runner/work/fuelflux/fuelflux/build-test
"BackendFactoryTest.CreateBackendSharedWithDefaultParameter" start time: Feb 03 15:29 UTC
Output:
----------------------------------------------------------
Running main() from /home/runner/work/fuelflux/fuelflux/build-test/_deps/googletest-src/googletest/src/gtest_main.cc
Note: Google Test filter = BackendFactoryTest.CreateBackendSharedWithDefaultParameter
[==========] Running 1 test from 1 test suite.
[----------] Global test environment set-up.
[----------] 1 test from BackendFactoryTest
[ RUN      ] BackendFactoryTest.CreateBackendSharedWithDefaultParameter
[2026-02-03 15:29:13.950] [info] Backend initialized with base API: http://ttft.uxp.ru and controller UID: 232390330480218
[       OK ] BackendFactoryTest.CreateBackendSharedWithDefaultParameter (0 ms)
[----------] 1 test from BackendFactoryTest (0 ms total)

[----------] Global test environment tear-down
[==========] 1 test from 1 test suite ran. (0 ms total)
[  PASSED  ] 1 test.
<end of output>
Test time =   0.00 sec
----------------------------------------------------------
Test Passed.
"BackendFactoryTest.CreateBackendSharedWithDefaultParameter" end time: Feb 03 15:29 UTC
"BackendFactoryTest.CreateBackendSharedWithDefaultParameter" time elapsed: 00:00:00
----------------------------------------------------------

32/86 Testing: BackendFactoryTest.CreateBackendSharedWithValidStorage
32/86 Test: BackendFactoryTest.CreateBackendSharedWithValidStorage
Command: "/home/runner/work/fuelflux/fuelflux/build-test/bin/fuelflux_tests" "--gtest_filter=BackendFactoryTest.CreateBackendSharedWithValidStorage" "--gtest_also_run_disabled_tests"
Directory: /home/runner/work/fuelflux/fuelflux/build-test
"BackendFactoryTest.CreateBackendSharedWithValidStorage" start time: Feb 03 15:29 UTC
Output:
----------------------------------------------------------
Running main() from /home/runner/work/fuelflux/fuelflux/build-test/_deps/googletest-src/googletest/src/gtest_main.cc
Note: Google Test filter = BackendFactoryTest.CreateBackendSharedWithValidStorage
[==========] Running 1 test from 1 test suite.
[----------] Global test environment set-up.
[----------] 1 test from BackendFactoryTest
[ RUN      ] BackendFactoryTest.CreateBackendSharedWithValidStorage
[2026-02-03 15:29:13.956] [info] Backend initialized with base API: http://ttft.uxp.ru and controller UID: 232390330480218
[       OK ] BackendFactoryTest.CreateBackendSharedWithValidStorage (3 ms)
[----------] 1 test from BackendFactoryTest (3 ms total)

[----------] Global test environment tear-down
[==========] 1 test from 1 test suite ran. (3 ms total)
[  PASSED  ] 1 test.
<end of output>
Test time =   0.01 sec
----------------------------------------------------------
Test Passed.
"BackendFactoryTest.CreateBackendSharedWithValidStorage" end time: Feb 03 15:29 UTC
"BackendFactoryTest.CreateBackendSharedWithValidStorage" time elapsed: 00:00:00
----------------------------------------------------------

33/86 Testing: BackendFactoryTest.CreateBackendSharedReturnsSharedPtr
33/86 Test: BackendFactoryTest.CreateBackendSharedReturnsSharedPtr
Command: "/home/runner/work/fuelflux/fuelflux/build-test/bin/fuelflux_tests" "--gtest_filter=BackendFactoryTest.CreateBackendSharedReturnsSharedPtr" "--gtest_also_run_disabled_tests"
Directory: /home/runner/work/fuelflux/fuelflux/build-test
"BackendFactoryTest.CreateBackendSharedReturnsSharedPtr" start time: Feb 03 15:29 UTC
Output:
----------------------------------------------------------
Running main() from /home/runner/work/fuelflux/fuelflux/build-test/_deps/googletest-src/googletest/src/gtest_main.cc
Note: Google Test filter = BackendFactoryTest.CreateBackendSharedReturnsSharedPtr
[==========] Running 1 test from 1 test suite.
[----------] Global test environment set-up.
[----------] 1 test from BackendFactoryTest
[ RUN      ] BackendFactoryTest.CreateBackendSharedReturnsSharedPtr
[2026-02-03 15:29:13.960] [info] Backend initialized with base API: http://ttft.uxp.ru and controller UID: 232390330480218
[       OK ] BackendFactoryTest.CreateBackendSharedReturnsSharedPtr (0 ms)
[----------] 1 test from BackendFactoryTest (0 ms total)

[----------] Global test environment tear-down
[==========] 1 test from 1 test suite ran. (0 ms total)
[  PASSED  ] 1 test.
<end of output>
Test time =   0.00 sec
----------------------------------------------------------
Test Passed.
"BackendFactoryTest.CreateBackendSharedReturnsSharedPtr" end time: Feb 03 15:29 UTC
"BackendFactoryTest.CreateBackendSharedReturnsSharedPtr" time elapsed: 00:00:00
----------------------------------------------------------

34/86 Testing: BackendFactoryTest.CreateBackendReturnsIBackendInterface
34/86 Test: BackendFactoryTest.CreateBackendReturnsIBackendInterface
Command: "/home/runner/work/fuelflux/fuelflux/build-test/bin/fuelflux_tests" "--gtest_filter=BackendFactoryTest.CreateBackendReturnsIBackendInterface" "--gtest_also_run_disabled_tests"
Directory: /home/runner/work/fuelflux/fuelflux/build-test
"BackendFactoryTest.CreateBackendReturnsIBackendInterface" start time: Feb 03 15:29 UTC
Output:
----------------------------------------------------------
Running main() from /home/runner/work/fuelflux/fuelflux/build-test/_deps/googletest-src/googletest/src/gtest_main.cc
Note: Google Test filter = BackendFactoryTest.CreateBackendReturnsIBackendInterface
[==========] Running 1 test from 1 test suite.
[----------] Global test environment set-up.
[----------] 1 test from BackendFactoryTest
[ RUN      ] BackendFactoryTest.CreateBackendReturnsIBackendInterface
[2026-02-03 15:29:13.963] [info] Backend initialized with base API: http://ttft.uxp.ru and controller UID: 232390330480218
[       OK ] BackendFactoryTest.CreateBackendReturnsIBackendInterface (0 ms)
[----------] 1 test from BackendFactoryTest (0 ms total)

[----------] Global test environment tear-down
[==========] 1 test from 1 test suite ran. (0 ms total)
[  PASSED  ] 1 test.
<end of output>
Test time =   0.00 sec
----------------------------------------------------------
Test Passed.
"BackendFactoryTest.CreateBackendReturnsIBackendInterface" end time: Feb 03 15:29 UTC
"BackendFactoryTest.CreateBackendReturnsIBackendInterface" time elapsed: 00:00:00
----------------------------------------------------------

35/86 Testing: BackendFactoryTest.MultipleBackendsWithSameStorage
35/86 Test: BackendFactoryTest.MultipleBackendsWithSameStorage
Command: "/home/runner/work/fuelflux/fuelflux/build-test/bin/fuelflux_tests" "--gtest_filter=BackendFactoryTest.MultipleBackendsWithSameStorage" "--gtest_also_run_disabled_tests"
Directory: /home/runner/work/fuelflux/fuelflux/build-test
"BackendFactoryTest.MultipleBackendsWithSameStorage" start time: Feb 03 15:29 UTC
Output:
----------------------------------------------------------
Running main() from /home/runner/work/fuelflux/fuelflux/build-test/_deps/googletest-src/googletest/src/gtest_main.cc
Note: Google Test filter = BackendFactoryTest.MultipleBackendsWithSameStorage
[==========] Running 1 test from 1 test suite.
[----------] Global test environment set-up.
[----------] 1 test from BackendFactoryTest
[ RUN      ] BackendFactoryTest.MultipleBackendsWithSameStorage
[2026-02-03 15:29:13.970] [info] Backend initialized with base API: http://ttft.uxp.ru and controller UID: 232390330480218
[2026-02-03 15:29:13.970] [info] Backend initialized with base API: http://ttft.uxp.ru and controller UID: 232390330480218
[       OK ] BackendFactoryTest.MultipleBackendsWithSameStorage (2 ms)
[----------] 1 test from BackendFactoryTest (2 ms total)

[----------] Global test environment tear-down
[==========] 1 test from 1 test suite ran. (2 ms total)
[  PASSED  ] 1 test.
<end of output>
Test time =   0.01 sec
----------------------------------------------------------
Test Passed.
"BackendFactoryTest.MultipleBackendsWithSameStorage" end time: Feb 03 15:29 UTC
"BackendFactoryTest.MultipleBackendsWithSameStorage" time elapsed: 00:00:00
----------------------------------------------------------

36/86 Testing: BackendFactoryTest.BackendCreationDoesNotThrow
36/86 Test: BackendFactoryTest.BackendCreationDoesNotThrow
Command: "/home/runner/work/fuelflux/fuelflux/build-test/bin/fuelflux_tests" "--gtest_filter=BackendFactoryTest.BackendCreationDoesNotThrow" "--gtest_also_run_disabled_tests"
Directory: /home/runner/work/fuelflux/fuelflux/build-test
"BackendFactoryTest.BackendCreationDoesNotThrow" start time: Feb 03 15:29 UTC
Output:
----------------------------------------------------------
Running main() from /home/runner/work/fuelflux/fuelflux/build-test/_deps/googletest-src/googletest/src/gtest_main.cc
Note: Google Test filter = BackendFactoryTest.BackendCreationDoesNotThrow
[==========] Running 1 test from 1 test suite.
[----------] Global test environment set-up.
[----------] 1 test from BackendFactoryTest
[ RUN      ] BackendFactoryTest.BackendCreationDoesNotThrow
[2026-02-03 15:29:13.973] [info] Backend initialized with base API: http://ttft.uxp.ru and controller UID: 232390330480218
[2026-02-03 15:29:13.973] [info] Backend initialized with base API: http://ttft.uxp.ru and controller UID: 232390330480218
[2026-02-03 15:29:13.973] [info] Backend initialized with base API: http://ttft.uxp.ru and controller UID: 232390330480218
[2026-02-03 15:29:13.973] [info] Backend initialized with base API: http://ttft.uxp.ru and controller UID: 232390330480218
[       OK ] BackendFactoryTest.BackendCreationDoesNotThrow (0 ms)
[----------] 1 test from BackendFactoryTest (0 ms total)

[----------] Global test environment tear-down
[==========] 1 test from 1 test suite ran. (0 ms total)
[  PASSED  ] 1 test.
<end of output>
Test time =   0.00 sec
----------------------------------------------------------
Test Passed.
"BackendFactoryTest.BackendCreationDoesNotThrow" end time: Feb 03 15:29 UTC
"BackendFactoryTest.BackendCreationDoesNotThrow" time elapsed: 00:00:00
----------------------------------------------------------

37/86 Testing: BackendFactoryTest.StorageParameterForwarding
37/86 Test: BackendFactoryTest.StorageParameterForwarding
Command: "/home/runner/work/fuelflux/fuelflux/build-test/bin/fuelflux_tests" "--gtest_filter=BackendFactoryTest.StorageParameterForwarding" "--gtest_also_run_disabled_tests"
Directory: /home/runner/work/fuelflux/fuelflux/build-test
"BackendFactoryTest.StorageParameterForwarding" start time: Feb 03 15:29 UTC
Output:
----------------------------------------------------------
Running main() from /home/runner/work/fuelflux/fuelflux/build-test/_deps/googletest-src/googletest/src/gtest_main.cc
Note: Google Test filter = BackendFactoryTest.StorageParameterForwarding
[==========] Running 1 test from 1 test suite.
[----------] Global test environment set-up.
[----------] 1 test from BackendFactoryTest
[ RUN      ] BackendFactoryTest.StorageParameterForwarding
[2026-02-03 15:29:13.980] [info] Backend initialized with base API: http://ttft.uxp.ru and controller UID: 232390330480218
[       OK ] BackendFactoryTest.StorageParameterForwarding (3 ms)
[----------] 1 test from BackendFactoryTest (3 ms total)

[----------] Global test environment tear-down
[==========] 1 test from 1 test suite ran. (3 ms total)
[  PASSED  ] 1 test.
<end of output>
Test time =   0.01 sec
----------------------------------------------------------
Test Passed.
"BackendFactoryTest.StorageParameterForwarding" end time: Feb 03 15:29 UTC
"BackendFactoryTest.StorageParameterForwarding" time elapsed: 00:00:00
----------------------------------------------------------

38/86 Testing: BackendFactoryTest.BackendTypeConsistency
38/86 Test: BackendFactoryTest.BackendTypeConsistency
Command: "/home/runner/work/fuelflux/fuelflux/build-test/bin/fuelflux_tests" "--gtest_filter=BackendFactoryTest.BackendTypeConsistency" "--gtest_also_run_disabled_tests"
Directory: /home/runner/work/fuelflux/fuelflux/build-test
"BackendFactoryTest.BackendTypeConsistency" start time: Feb 03 15:29 UTC
Output:
----------------------------------------------------------
Running main() from /home/runner/work/fuelflux/fuelflux/build-test/_deps/googletest-src/googletest/src/gtest_main.cc
Note: Google Test filter = BackendFactoryTest.BackendTypeConsistency
[==========] Running 1 test from 1 test suite.
[----------] Global test environment set-up.
[----------] 1 test from BackendFactoryTest
[ RUN      ] BackendFactoryTest.BackendTypeConsistency
[2026-02-03 15:29:13.983] [info] Backend initialized with base API: http://ttft.uxp.ru and controller UID: 232390330480218
[2026-02-03 15:29:13.983] [info] Backend initialized with base API: http://ttft.uxp.ru and controller UID: 232390330480218
[2026-02-03 15:29:13.983] [info] Backend initialized with base API: http://ttft.uxp.ru and controller UID: 232390330480218
[       OK ] BackendFactoryTest.BackendTypeConsistency (0 ms)
[----------] 1 test from BackendFactoryTest (0 ms total)

[----------] Global test environment tear-down
[==========] 1 test from 1 test suite ran. (0 ms total)
[  PASSED  ] 1 test.
<end of output>
Test time =   0.00 sec
----------------------------------------------------------
Test Passed.
"BackendFactoryTest.BackendTypeConsistency" end time: Feb 03 15:29 UTC
"BackendFactoryTest.BackendTypeConsistency" time elapsed: 00:00:00
----------------------------------------------------------

39/86 Testing: BackendFactoryTest.UniqueBackendIsMovable
39/86 Test: BackendFactoryTest.UniqueBackendIsMovable
Command: "/home/runner/work/fuelflux/fuelflux/build-test/bin/fuelflux_tests" "--gtest_filter=BackendFactoryTest.UniqueBackendIsMovable" "--gtest_also_run_disabled_tests"
Directory: /home/runner/work/fuelflux/fuelflux/build-test
"BackendFactoryTest.UniqueBackendIsMovable" start time: Feb 03 15:29 UTC
Output:
----------------------------------------------------------
Running main() from /home/runner/work/fuelflux/fuelflux/build-test/_deps/googletest-src/googletest/src/gtest_main.cc
Note: Google Test filter = BackendFactoryTest.UniqueBackendIsMovable
[==========] Running 1 test from 1 test suite.
[----------] Global test environment set-up.
[----------] 1 test from BackendFactoryTest
[ RUN      ] BackendFactoryTest.UniqueBackendIsMovable
[2026-02-03 15:29:13.987] [info] Backend initialized with base API: http://ttft.uxp.ru and controller UID: 232390330480218
[       OK ] BackendFactoryTest.UniqueBackendIsMovable (0 ms)
[----------] 1 test from BackendFactoryTest (0 ms total)

[----------] Global test environment tear-down
[==========] 1 test from 1 test suite ran. (0 ms total)
[  PASSED  ] 1 test.
<end of output>
Test time =   0.00 sec
----------------------------------------------------------
Test Passed.
"BackendFactoryTest.UniqueBackendIsMovable" end time: Feb 03 15:29 UTC
"BackendFactoryTest.UniqueBackendIsMovable" time elapsed: 00:00:00
----------------------------------------------------------

40/86 Testing: BackendFactoryTest.SharedBackendIsCopyable
40/86 Test: BackendFactoryTest.SharedBackendIsCopyable
Command: "/home/runner/work/fuelflux/fuelflux/build-test/bin/fuelflux_tests" "--gtest_filter=BackendFactoryTest.SharedBackendIsCopyable" "--gtest_also_run_disabled_tests"
Directory: /home/runner/work/fuelflux/fuelflux/build-test
"BackendFactoryTest.SharedBackendIsCopyable" start time: Feb 03 15:29 UTC
Output:
----------------------------------------------------------
Running main() from /home/runner/work/fuelflux/fuelflux/build-test/_deps/googletest-src/googletest/src/gtest_main.cc
Note: Google Test filter = BackendFactoryTest.SharedBackendIsCopyable
[==========] Running 1 test from 1 test suite.
[----------] Global test environment set-up.
[----------] 1 test from BackendFactoryTest
[ RUN      ] BackendFactoryTest.SharedBackendIsCopyable
[2026-02-03 15:29:13.990] [info] Backend initialized with base API: http://ttft.uxp.ru and controller UID: 232390330480218
[       OK ] BackendFactoryTest.SharedBackendIsCopyable (0 ms)
[----------] 1 test from BackendFactoryTest (0 ms total)

[----------] Global test environment tear-down
[==========] 1 test from 1 test suite ran. (0 ms total)
[  PASSED  ] 1 test.
<end of output>
Test time =   0.00 sec
----------------------------------------------------------
Test Passed.
"BackendFactoryTest.SharedBackendIsCopyable" end time: Feb 03 15:29 UTC
"BackendFactoryTest.SharedBackendIsCopyable" time elapsed: 00:00:00
----------------------------------------------------------

41/86 Testing: ControllerTest.Construction
41/86 Test: ControllerTest.Construction
Command: "/home/runner/work/fuelflux/fuelflux/build-test/bin/fuelflux_tests" "--gtest_filter=ControllerTest.Construction" "--gtest_also_run_disabled_tests"
Directory: /home/runner/work/fuelflux/fuelflux/build-test
"ControllerTest.Construction" start time: Feb 03 15:29 UTC
Output:
----------------------------------------------------------
Running main() from /home/runner/work/fuelflux/fuelflux/build-test/_deps/googletest-src/googletest/src/gtest_main.cc
Note: Google Test filter = ControllerTest.Construction
[==========] Running 1 test from 1 test suite.
[----------] Global test environment set-up.
[----------] 1 test from ControllerTest
[ RUN      ] ControllerTest.Construction
[       OK ] ControllerTest.Construction (1000 ms)
[----------] 1 test from ControllerTest (1000 ms total)

[----------] Global test environment tear-down
[==========] 1 test from 1 test suite ran. (1000 ms total)
[  PASSED  ] 1 test.
<end of output>
Test time =   1.00 sec
----------------------------------------------------------
Test Passed.
"ControllerTest.Construction" end time: Feb 03 15:29 UTC
"ControllerTest.Construction" time elapsed: 00:00:01
----------------------------------------------------------

42/86 Testing: ControllerTest.Initialization
42/86 Test: ControllerTest.Initialization
Command: "/home/runner/work/fuelflux/fuelflux/build-test/bin/fuelflux_tests" "--gtest_filter=ControllerTest.Initialization" "--gtest_also_run_disabled_tests"
Directory: /home/runner/work/fuelflux/fuelflux/build-test
"ControllerTest.Initialization" start time: Feb 03 15:29 UTC
Output:
----------------------------------------------------------
Running main() from /home/runner/work/fuelflux/fuelflux/build-test/_deps/googletest-src/googletest/src/gtest_main.cc
Note: Google Test filter = ControllerTest.Initialization
[==========] Running 1 test from 1 test suite.
[----------] Global test environment set-up.
[----------] 1 test from ControllerTest
[ RUN      ] ControllerTest.Initialization
[2026-02-03 15:29:14.999] [info] Initializing controller: 232390330480218
[2026-02-03 15:29:14.999] [info] Entering state: 0
[2026-02-03 15:29:14.999] [info] Initialization complete
[2026-02-03 15:29:14.999] [info] Shutting down...
[2026-02-03 15:29:14.999] [info] Shutdown complete
[       OK ] ControllerTest.Initialization (1000 ms)
[----------] 1 test from ControllerTest (1000 ms total)

[----------] Global test environment tear-down
[==========] 1 test from 1 test suite ran. (1000 ms total)
[  PASSED  ] 1 test.
<end of output>
Test time =   1.00 sec
----------------------------------------------------------
Test Passed.
"ControllerTest.Initialization" end time: Feb 03 15:29 UTC
"ControllerTest.Initialization" time elapsed: 00:00:01
----------------------------------------------------------

43/86 Testing: ControllerTest.InitializationFailure
43/86 Test: ControllerTest.InitializationFailure
Command: "/home/runner/work/fuelflux/fuelflux/build-test/bin/fuelflux_tests" "--gtest_filter=ControllerTest.InitializationFailure" "--gtest_also_run_disabled_tests"
Directory: /home/runner/work/fuelflux/fuelflux/build-test
"ControllerTest.InitializationFailure" start time: Feb 03 15:29 UTC
Output:
----------------------------------------------------------
Running main() from /home/runner/work/fuelflux/fuelflux/build-test/_deps/googletest-src/googletest/src/gtest_main.cc
Note: Google Test filter = ControllerTest.InitializationFailure
[==========] Running 1 test from 1 test suite.
[----------] Global test environment set-up.
[----------] 1 test from ControllerTest
[ RUN      ] ControllerTest.InitializationFailure
[2026-02-03 15:29:16.004] [info] Initializing controller: 232390330480218
[2026-02-03 15:29:16.004] [error] Failed to initialize display
[       OK ] ControllerTest.InitializationFailure (1000 ms)
[----------] 1 test from ControllerTest (1000 ms total)

[----------] Global test environment tear-down
[==========] 1 test from 1 test suite ran. (1000 ms total)
[  PASSED  ] 1 test.
<end of output>
Test time =   1.00 sec
----------------------------------------------------------
Test Passed.
"ControllerTest.InitializationFailure" end time: Feb 03 15:29 UTC
"ControllerTest.InitializationFailure" time elapsed: 00:00:01
----------------------------------------------------------

44/86 Testing: ControllerTest.HandleKeyPressDigit
44/86 Test: ControllerTest.HandleKeyPressDigit
Command: "/home/runner/work/fuelflux/fuelflux/build-test/bin/fuelflux_tests" "--gtest_filter=ControllerTest.HandleKeyPressDigit" "--gtest_also_run_disabled_tests"
Directory: /home/runner/work/fuelflux/fuelflux/build-test
"ControllerTest.HandleKeyPressDigit" start time: Feb 03 15:29 UTC
Output:
----------------------------------------------------------
Running main() from /home/runner/work/fuelflux/fuelflux/build-test/_deps/googletest-src/googletest/src/gtest_main.cc
Note: Google Test filter = ControllerTest.HandleKeyPressDigit
[==========] Running 1 test from 1 test suite.
[----------] Global test environment set-up.
[----------] 1 test from ControllerTest
[ RUN      ] ControllerTest.HandleKeyPressDigit
[2026-02-03 15:29:17.010] [info] Initializing controller: 232390330480218
[2026-02-03 15:29:17.010] [info] Entering state: 0
[2026-02-03 15:29:17.010] [info] Initialization complete
[2026-02-03 15:29:17.010] [info] Starting main loop
[2026-02-03 15:29:17.020] [info] PIN entry started
[2026-02-03 15:29:17.020] [info] Entering state: 1
[2026-02-03 15:29:17.020] [info] Transition: 0 -> 1 (event: 1)
[2026-02-03 15:29:17.170] [info] Shutting down...
[2026-02-03 15:29:17.170] [info] Shutdown complete
[       OK ] ControllerTest.HandleKeyPressDigit (1000 ms)
[----------] 1 test from ControllerTest (1000 ms total)

[----------] Global test environment tear-down
[==========] 1 test from 1 test suite ran. (1000 ms total)
[  PASSED  ] 1 test.
<end of output>
Test time =   1.00 sec
----------------------------------------------------------
Test Passed.
"ControllerTest.HandleKeyPressDigit" end time: Feb 03 15:29 UTC
"ControllerTest.HandleKeyPressDigit" time elapsed: 00:00:01
----------------------------------------------------------

45/86 Testing: ControllerTest.HandleKeyPressClear
45/86 Test: ControllerTest.HandleKeyPressClear
Command: "/home/runner/work/fuelflux/fuelflux/build-test/bin/fuelflux_tests" "--gtest_filter=ControllerTest.HandleKeyPressClear" "--gtest_also_run_disabled_tests"
Directory: /home/runner/work/fuelflux/fuelflux/build-test
"ControllerTest.HandleKeyPressClear" start time: Feb 03 15:29 UTC
Output:
----------------------------------------------------------
Running main() from /home/runner/work/fuelflux/fuelflux/build-test/_deps/googletest-src/googletest/src/gtest_main.cc
Note: Google Test filter = ControllerTest.HandleKeyPressClear
[==========] Running 1 test from 1 test suite.
[----------] Global test environment set-up.
[----------] 1 test from ControllerTest
[ RUN      ] ControllerTest.HandleKeyPressClear
[2026-02-03 15:29:18.015] [info] Initializing controller: 232390330480218
[2026-02-03 15:29:18.015] [info] Entering state: 0
[2026-02-03 15:29:18.015] [info] Initialization complete
[2026-02-03 15:29:18.015] [info] Shutting down...
[2026-02-03 15:29:18.015] [info] Shutdown complete
[       OK ] ControllerTest.HandleKeyPressClear (1000 ms)
[----------] 1 test from ControllerTest (1000 ms total)

[----------] Global test environment tear-down
[==========] 1 test from 1 test suite ran. (1000 ms total)
[  PASSED  ] 1 test.
<end of output>
Test time =   1.00 sec
----------------------------------------------------------
Test Passed.
"ControllerTest.HandleKeyPressClear" end time: Feb 03 15:29 UTC
"ControllerTest.HandleKeyPressClear" time elapsed: 00:00:01
----------------------------------------------------------

46/86 Testing: ControllerTest.StateMachineInitialState
46/86 Test: ControllerTest.StateMachineInitialState
Command: "/home/runner/work/fuelflux/fuelflux/build-test/bin/fuelflux_tests" "--gtest_filter=ControllerTest.StateMachineInitialState" "--gtest_also_run_disabled_tests"
Directory: /home/runner/work/fuelflux/fuelflux/build-test
"ControllerTest.StateMachineInitialState" start time: Feb 03 15:29 UTC
Output:
----------------------------------------------------------
Running main() from /home/runner/work/fuelflux/fuelflux/build-test/_deps/googletest-src/googletest/src/gtest_main.cc
Note: Google Test filter = ControllerTest.StateMachineInitialState
[==========] Running 1 test from 1 test suite.
[----------] Global test environment set-up.
[----------] 1 test from ControllerTest
[ RUN      ] ControllerTest.StateMachineInitialState
[2026-02-03 15:29:19.020] [info] Initializing controller: 232390330480218
[2026-02-03 15:29:19.020] [info] Entering state: 0
[2026-02-03 15:29:19.020] [info] Initialization complete
[2026-02-03 15:29:19.020] [info] Shutting down...
[2026-02-03 15:29:19.020] [info] Shutdown complete
[       OK ] ControllerTest.StateMachineInitialState (1000 ms)
[----------] 1 test from ControllerTest (1000 ms total)

[----------] Global test environment tear-down
[==========] 1 test from 1 test suite ran. (1000 ms total)
[  PASSED  ] 1 test.
<end of output>
Test time =   1.00 sec
----------------------------------------------------------
Test Passed.
"ControllerTest.StateMachineInitialState" end time: Feb 03 15:29 UTC
"ControllerTest.StateMachineInitialState" time elapsed: 00:00:01
----------------------------------------------------------

47/86 Testing: ControllerTest.UpdateDisplay
47/86 Test: ControllerTest.UpdateDisplay
Command: "/home/runner/work/fuelflux/fuelflux/build-test/bin/fuelflux_tests" "--gtest_filter=ControllerTest.UpdateDisplay" "--gtest_also_run_disabled_tests"
Directory: /home/runner/work/fuelflux/fuelflux/build-test
"ControllerTest.UpdateDisplay" start time: Feb 03 15:29 UTC
Output:
----------------------------------------------------------
Running main() from /home/runner/work/fuelflux/fuelflux/build-test/_deps/googletest-src/googletest/src/gtest_main.cc
Note: Google Test filter = ControllerTest.UpdateDisplay
[==========] Running 1 test from 1 test suite.
[----------] Global test environment set-up.
[----------] 1 test from ControllerTest
[ RUN      ] ControllerTest.UpdateDisplay
[2026-02-03 15:29:20.025] [info] Initializing controller: 232390330480218
[2026-02-03 15:29:20.025] [info] Entering state: 0
[2026-02-03 15:29:20.025] [info] Initialization complete
[2026-02-03 15:29:20.025] [info] Shutting down...
[2026-02-03 15:29:20.025] [info] Shutdown complete
[       OK ] ControllerTest.UpdateDisplay (1000 ms)
[----------] 1 test from ControllerTest (1000 ms total)

[----------] Global test environment tear-down
[==========] 1 test from 1 test suite ran. (1000 ms total)
[  PASSED  ] 1 test.
<end of output>
Test time =   1.00 sec
----------------------------------------------------------
Test Passed.
"ControllerTest.UpdateDisplay" end time: Feb 03 15:29 UTC
"ControllerTest.UpdateDisplay" time elapsed: 00:00:01
----------------------------------------------------------

48/86 Testing: ControllerTest.ShowError
48/86 Test: ControllerTest.ShowError
Command: "/home/runner/work/fuelflux/fuelflux/build-test/bin/fuelflux_tests" "--gtest_filter=ControllerTest.ShowError" "--gtest_also_run_disabled_tests"
Directory: /home/runner/work/fuelflux/fuelflux/build-test
"ControllerTest.ShowError" start time: Feb 03 15:29 UTC
Output:
----------------------------------------------------------
Running main() from /home/runner/work/fuelflux/fuelflux/build-test/_deps/googletest-src/googletest/src/gtest_main.cc
Note: Google Test filter = ControllerTest.ShowError
[==========] Running 1 test from 1 test suite.
[----------] Global test environment set-up.
[----------] 1 test from ControllerTest
[ RUN      ] ControllerTest.ShowError
[2026-02-03 15:29:21.030] [info] Initializing controller: 232390330480218
[2026-02-03 15:29:21.030] [info] Entering state: 0
[2026-02-03 15:29:21.030] [info] Initialization complete
[2026-02-03 15:29:21.030] [info] Shutting down...
[2026-02-03 15:29:21.030] [info] Shutdown complete
[       OK ] ControllerTest.ShowError (1000 ms)
[----------] 1 test from ControllerTest (1000 ms total)

[----------] Global test environment tear-down
[==========] 1 test from 1 test suite ran. (1000 ms total)
[  PASSED  ] 1 test.
<end of output>
Test time =   1.00 sec
[...]
[2026-02-03 15:29:48.201] [info] Transition: 4 -> 5 (event: 6)
[2026-02-03 15:29:48.201] [info] Transition: 5 -> 5 (event: 8)
[2026-02-03 15:29:48.212] [info] Pump state changed: Stopped
[2026-02-03 15:29:48.212] [info] Refueling stopped
[2026-02-03 15:29:48.212] [info] Entering state: 6
[2026-02-03 15:29:48.212] [info] Transition: 5 -> 6 (event: 9)
[2026-02-03 15:29:48.222] [info] Shutting down...
[2026-02-03 15:29:48.222] [info] Shutdown complete
[       OK ] ControllerTest.CustomerRefuelWorkflow (1000 ms)
[----------] 1 test from ControllerTest (1000 ms total)

[----------] Global test environment tear-down
[==========] 1 test from 1 test suite ran. (1000 ms total)
[  PASSED  ] 1 test.
<end of output>
Test time =   1.00 sec
----------------------------------------------------------
Test Passed.
"ControllerTest.CustomerRefuelWorkflow" end time: Feb 03 15:29 UTC
"ControllerTest.CustomerRefuelWorkflow" time elapsed: 00:00:01
----------------------------------------------------------

76/86 Testing: ControllerTest.DisplayMessageWaitingState
76/86 Test: ControllerTest.DisplayMessageWaitingState
Command: "/home/runner/work/fuelflux/fuelflux/build-test/bin/fuelflux_tests" "--gtest_filter=ControllerTest.DisplayMessageWaitingState" "--gtest_also_run_disabled_tests"
Directory: /home/runner/work/fuelflux/fuelflux/build-test
"ControllerTest.DisplayMessageWaitingState" start time: Feb 03 15:29 UTC
Output:
----------------------------------------------------------
Running main() from /home/runner/work/fuelflux/fuelflux/build-test/_deps/googletest-src/googletest/src/gtest_main.cc
Note: Google Test filter = ControllerTest.DisplayMessageWaitingState
[==========] Running 1 test from 1 test suite.
[----------] Global test environment set-up.
[----------] 1 test from ControllerTest
[ RUN      ] ControllerTest.DisplayMessageWaitingState
[2026-02-03 15:29:49.176] [info] Initializing controller: 232390330480218
[2026-02-03 15:29:49.176] [info] Entering state: 0
[2026-02-03 15:29:49.176] [info] Initialization complete
[2026-02-03 15:29:49.176] [info] Shutting down...
[2026-02-03 15:29:49.176] [info] Shutdown complete
[       OK ] ControllerTest.DisplayMessageWaitingState (1000 ms)
[----------] 1 test from ControllerTest (1000 ms total)

[----------] Global test environment tear-down
[==========] 1 test from 1 test suite ran. (1000 ms total)
[  PASSED  ] 1 test.
<end of output>
Test time =   1.00 sec
----------------------------------------------------------
Test Passed.
"ControllerTest.DisplayMessageWaitingState" end time: Feb 03 15:29 UTC
"ControllerTest.DisplayMessageWaitingState" time elapsed: 00:00:01
----------------------------------------------------------

77/86 Testing: ControllerTest.DisplayMessagePinEntryState
77/86 Test: ControllerTest.DisplayMessagePinEntryState
Command: "/home/runner/work/fuelflux/fuelflux/build-test/bin/fuelflux_tests" "--gtest_filter=ControllerTest.DisplayMessagePinEntryState" "--gtest_also_run_disabled_tests"
Directory: /home/runner/work/fuelflux/fuelflux/build-test
"ControllerTest.DisplayMessagePinEntryState" start time: Feb 03 15:29 UTC
Output:
----------------------------------------------------------
Running main() from /home/runner/work/fuelflux/fuelflux/build-test/_deps/googletest-src/googletest/src/gtest_main.cc
Note: Google Test filter = ControllerTest.DisplayMessagePinEntryState
[==========] Running 1 test from 1 test suite.
[----------] Global test environment set-up.
[----------] 1 test from ControllerTest
[ RUN      ] ControllerTest.DisplayMessagePinEntryState
[2026-02-03 15:29:50.181] [info] Initializing controller: 232390330480218
[2026-02-03 15:29:50.181] [info] Entering state: 0
[2026-02-03 15:29:50.181] [info] Initialization complete
[2026-02-03 15:29:50.182] [info] Starting main loop
[2026-02-03 15:29:50.192] [info] PIN entry started
[2026-02-03 15:29:50.192] [info] Entering state: 1
[2026-02-03 15:29:50.192] [info] Transition: 0 -> 1 (event: 1)
[2026-02-03 15:29:50.242] [info] Shutting down...
[2026-02-03 15:29:50.242] [info] Shutdown complete
[       OK ] ControllerTest.DisplayMessagePinEntryState (1000 ms)
[----------] 1 test from ControllerTest (1000 ms total)

[----------] Global test environment tear-down
[==========] 1 test from 1 test suite ran. (1000 ms total)
[  PASSED  ] 1 test.
<end of output>
Test time =   1.00 sec
----------------------------------------------------------
Test Passed.
"ControllerTest.DisplayMessagePinEntryState" end time: Feb 03 15:29 UTC
"ControllerTest.DisplayMessagePinEntryState" time elapsed: 00:00:01
----------------------------------------------------------

78/86 Testing: ControllerTest.DisplayMessageTankSelectionState
78/86 Test: ControllerTest.DisplayMessageTankSelectionState
Command: "/home/runner/work/fuelflux/fuelflux/build-test/bin/fuelflux_tests" "--gtest_filter=ControllerTest.DisplayMessageTankSelectionState" "--gtest_also_run_disabled_tests"
Directory: /home/runner/work/fuelflux/fuelflux/build-test
"ControllerTest.DisplayMessageTankSelectionState" start time: Feb 03 15:29 UTC
Output:
----------------------------------------------------------
Running main() from /home/runner/work/fuelflux/fuelflux/build-test/_deps/googletest-src/googletest/src/gtest_main.cc
Note: Google Test filter = ControllerTest.DisplayMessageTankSelectionState
[==========] Running 1 test from 1 test suite.
[----------] Global test environment set-up.
[----------] 1 test from ControllerTest
[ RUN      ] ControllerTest.DisplayMessageTankSelectionState
[2026-02-03 15:29:51.187] [info] Initializing controller: 232390330480218
[2026-02-03 15:29:51.187] [info] Entering state: 0
[2026-02-03 15:29:51.187] [info] Initialization complete
[2026-02-03 15:29:51.187] [info] Starting main loop
[2026-02-03 15:29:51.197] [info] Card presented: test-card
[2026-02-03 15:29:51.197] [info] Card presented
[2026-02-03 15:29:51.197] [info] Entering state: 2
[2026-02-03 15:29:51.197] [info] Transition: 0 -> 2 (event: 0)
[2026-02-03 15:29:51.197] [info] Authorization successful
[2026-02-03 15:29:51.197] [info] Entering state: 3
[2026-02-03 15:29:51.197] [info] Transition: 2 -> 3 (event: 3)
[2026-02-03 15:29:51.207] [info] Shutting down...
[2026-02-03 15:29:51.207] [info] Shutdown complete
[       OK ] ControllerTest.DisplayMessageTankSelectionState (1000 ms)
[----------] 1 test from ControllerTest (1000 ms total)

[----------] Global test environment tear-down
[==========] 1 test from 1 test suite ran. (1000 ms total)
[  PASSED  ] 1 test.
<end of output>
Test time =   1.00 sec
----------------------------------------------------------
Test Passed.
"ControllerTest.DisplayMessageTankSelectionState" end time: Feb 03 15:29 UTC
"ControllerTest.DisplayMessageTankSelectionState" time elapsed: 00:00:01
----------------------------------------------------------

79/86 Testing: ControllerTest.DisplayMessageVolumeEntryState
79/86 Test: ControllerTest.DisplayMessageVolumeEntryState
Command: "/home/runner/work/fuelflux/fuelflux/build-test/bin/fuelflux_tests" "--gtest_filter=ControllerTest.DisplayMessageVolumeEntryState" "--gtest_also_run_disabled_tests"
Directory: /home/runner/work/fuelflux/fuelflux/build-test
"ControllerTest.DisplayMessageVolumeEntryState" start time: Feb 03 15:29 UTC
Output:
----------------------------------------------------------
Running main() from /home/runner/work/fuelflux/fuelflux/build-test/_deps/googletest-src/googletest/src/gtest_main.cc
Note: Google Test filter = ControllerTest.DisplayMessageVolumeEntryState
[==========] Running 1 test from 1 test suite.
[----------] Global test environment set-up.
[----------] 1 test from ControllerTest
[ RUN      ] ControllerTest.DisplayMessageVolumeEntryState
[2026-02-03 15:29:52.192] [info] Initializing controller: 232390330480218
[2026-02-03 15:29:52.192] [info] Entering state: 0
[2026-02-03 15:29:52.192] [info] Initialization complete
[2026-02-03 15:29:52.192] [info] Starting main loop
[2026-02-03 15:29:52.202] [info] Card presented: test-card
[2026-02-03 15:29:52.202] [info] Card presented
[2026-02-03 15:29:52.202] [info] Entering state: 2
[2026-02-03 15:29:52.202] [info] Transition: 0 -> 2 (event: 0)
[2026-02-03 15:29:52.202] [info] Authorization successful
[2026-02-03 15:29:52.202] [info] Entering state: 3
[2026-02-03 15:29:52.202] [info] Transition: 2 -> 3 (event: 3)
[2026-02-03 15:29:52.212] [info] Tank selected
[2026-02-03 15:29:52.212] [info] Entering state: 4
[2026-02-03 15:29:52.212] [info] Transition: 3 -> 4 (event: 5)
[2026-02-03 15:29:52.222] [info] Shutting down...
[2026-02-03 15:29:52.222] [info] Shutdown complete
[       OK ] ControllerTest.DisplayMessageVolumeEntryState (1000 ms)
[----------] 1 test from ControllerTest (1000 ms total)

[----------] Global test environment tear-down
[==========] 1 test from 1 test suite ran. (1000 ms total)
[  PASSED  ] 1 test.
<end of output>
Test time =   1.00 sec
----------------------------------------------------------
Test Passed.
"ControllerTest.DisplayMessageVolumeEntryState" end time: Feb 03 15:29 UTC
"ControllerTest.DisplayMessageVolumeEntryState" time elapsed: 00:00:01
----------------------------------------------------------

80/86 Testing: ControllerTest.AllStatesProvideExactlyFourLines
80/86 Test: ControllerTest.AllStatesProvideExactlyFourLines
Command: "/home/runner/work/fuelflux/fuelflux/build-test/bin/fuelflux_tests" "--gtest_filter=ControllerTest.AllStatesProvideExactlyFourLines" "--gtest_also_run_disabled_tests"
Directory: /home/runner/work/fuelflux/fuelflux/build-test
"ControllerTest.AllStatesProvideExactlyFourLines" start time: Feb 03 15:29 UTC
Output:
----------------------------------------------------------
Running main() from /home/runner/work/fuelflux/fuelflux/build-test/_deps/googletest-src/googletest/src/gtest_main.cc
Note: Google Test filter = ControllerTest.AllStatesProvideExactlyFourLines
[==========] Running 1 test from 1 test suite.
[----------] Global test environment set-up.
[----------] 1 test from ControllerTest
[ RUN      ] ControllerTest.AllStatesProvideExactlyFourLines
[2026-02-03 15:29:53.197] [info] Initializing controller: 232390330480218
[2026-02-03 15:29:53.197] [info] Entering state: 0
[2026-02-03 15:29:53.197] [info] Initialization complete
[2026-02-03 15:29:53.197] [info] Shutting down...
[2026-02-03 15:29:53.197] [info] Shutdown complete
[       OK ] ControllerTest.AllStatesProvideExactlyFourLines (1000 ms)
[----------] 1 test from ControllerTest (1000 ms total)

[----------] Global test environment tear-down
[==========] 1 test from 1 test suite ran. (1000 ms total)
[  PASSED  ] 1 test.
<end of output>
Test time =   1.00 sec
----------------------------------------------------------
Test Passed.
"ControllerTest.AllStatesProvideExactlyFourLines" end time: Feb 03 15:29 UTC
"ControllerTest.AllStatesProvideExactlyFourLines" time elapsed: 00:00:01
----------------------------------------------------------

81/86 Testing: ControllerTest.EmptyLinesAllowed
81/86 Test: ControllerTest.EmptyLinesAllowed
Command: "/home/runner/work/fuelflux/fuelflux/build-test/bin/fuelflux_tests" "--gtest_filter=ControllerTest.EmptyLinesAllowed" "--gtest_also_run_disabled_tests"
Directory: /home/runner/work/fuelflux/fuelflux/build-test
"ControllerTest.EmptyLinesAllowed" start time: Feb 03 15:29 UTC
Output:
----------------------------------------------------------
Running main() from /home/runner/work/fuelflux/fuelflux/build-test/_deps/googletest-src/googletest/src/gtest_main.cc
Note: Google Test filter = ControllerTest.EmptyLinesAllowed
[==========] Running 1 test from 1 test suite.
[----------] Global test environment set-up.
[----------] 1 test from ControllerTest
[ RUN      ] ControllerTest.EmptyLinesAllowed
[2026-02-03 15:29:54.202] [info] Initializing controller: 232390330480218
[2026-02-03 15:29:54.202] [info] Entering state: 0
[2026-02-03 15:29:54.202] [info] Initialization complete
[2026-02-03 15:29:54.202] [info] Shutting down...
[2026-02-03 15:29:54.202] [info] Shutdown complete
[       OK ] ControllerTest.EmptyLinesAllowed (1000 ms)
[----------] 1 test from ControllerTest (1000 ms total)

[----------] Global test environment tear-down
[==========] 1 test from 1 test suite ran. (1000 ms total)
[  PASSED  ] 1 test.
<end of output>
Test time =   1.00 sec
----------------------------------------------------------
Test Passed.
"ControllerTest.EmptyLinesAllowed" end time: Feb 03 15:29 UTC
"ControllerTest.EmptyLinesAllowed" time elapsed: 00:00:01
----------------------------------------------------------

82/86 Testing: MessageStorageTest.PersistsDataAcrossSessions
82/86 Test: MessageStorageTest.PersistsDataAcrossSessions
Command: "/home/runner/work/fuelflux/fuelflux/build-test/bin/fuelflux_tests" "--gtest_filter=MessageStorageTest.PersistsDataAcrossSessions" "--gtest_also_run_disabled_tests"
Directory: /home/runner/work/fuelflux/fuelflux/build-test
"MessageStorageTest.PersistsDataAcrossSessions" start time: Feb 03 15:29 UTC
Output:
----------------------------------------------------------
Running main() from /home/runner/work/fuelflux/fuelflux/build-test/_deps/googletest-src/googletest/src/gtest_main.cc
Note: Google Test filter = MessageStorageTest.PersistsDataAcrossSessions
[==========] Running 1 test from 1 test suite.
[----------] Global test environment set-up.
[----------] 1 test from MessageStorageTest
[ RUN      ] MessageStorageTest.PersistsDataAcrossSessions
[       OK ] MessageStorageTest.PersistsDataAcrossSessions (4 ms)
[----------] 1 test from MessageStorageTest (4 ms total)

[----------] Global test environment tear-down
[==========] 1 test from 1 test suite ran. (4 ms total)
[  PASSED  ] 1 test.
<end of output>
Test time =   0.01 sec
----------------------------------------------------------
Test Passed.
"MessageStorageTest.PersistsDataAcrossSessions" end time: Feb 03 15:29 UTC
"MessageStorageTest.PersistsDataAcrossSessions" time elapsed: 00:00:00
----------------------------------------------------------

83/86 Testing: MessageStorageTest.FetchesAndRemovesBacklogInOrder
83/86 Test: MessageStorageTest.FetchesAndRemovesBacklogInOrder
Command: "/home/runner/work/fuelflux/fuelflux/build-test/bin/fuelflux_tests" "--gtest_filter=MessageStorageTest.FetchesAndRemovesBacklogInOrder" "--gtest_also_run_disabled_tests"
Directory: /home/runner/work/fuelflux/fuelflux/build-test
"MessageStorageTest.FetchesAndRemovesBacklogInOrder" start time: Feb 03 15:29 UTC
Output:
----------------------------------------------------------
Running main() from /home/runner/work/fuelflux/fuelflux/build-test/_deps/googletest-src/googletest/src/gtest_main.cc
Note: Google Test filter = MessageStorageTest.FetchesAndRemovesBacklogInOrder
[==========] Running 1 test from 1 test suite.
[----------] Global test environment set-up.
[----------] 1 test from MessageStorageTest
[ RUN      ] MessageStorageTest.FetchesAndRemovesBacklogInOrder
[       OK ] MessageStorageTest.FetchesAndRemovesBacklogInOrder (5 ms)
[----------] 1 test from MessageStorageTest (5 ms total)

[----------] Global test environment tear-down
[==========] 1 test from 1 test suite ran. (5 ms total)
[  PASSED  ] 1 test.
<end of output>
Test time =   0.01 sec
----------------------------------------------------------
Test Passed.
"MessageStorageTest.FetchesAndRemovesBacklogInOrder" end time: Feb 03 15:29 UTC
"MessageStorageTest.FetchesAndRemovesBacklogInOrder" time elapsed: 00:00:00
----------------------------------------------------------

84/86 Testing: BacklogWorkerTest.ProcessesBacklogSuccessfully
84/86 Test: BacklogWorkerTest.ProcessesBacklogSuccessfully
Command: "/home/runner/work/fuelflux/fuelflux/build-test/bin/fuelflux_tests" "--gtest_filter=BacklogWorkerTest.ProcessesBacklogSuccessfully" "--gtest_also_run_disabled_tests"
Directory: /home/runner/work/fuelflux/fuelflux/build-test
"BacklogWorkerTest.ProcessesBacklogSuccessfully" start time: Feb 03 15:29 UTC
Output:
----------------------------------------------------------
Running main() from /home/runner/work/fuelflux/fuelflux/build-test/_deps/googletest-src/googletest/src/gtest_main.cc
Note: Google Test filter = BacklogWorkerTest.ProcessesBacklogSuccessfully
[==========] Running 1 test from 1 test suite.
[----------] Global test environment set-up.
[----------] 1 test from BacklogWorkerTest
[ RUN      ] BacklogWorkerTest.ProcessesBacklogSuccessfully
[       OK ] BacklogWorkerTest.ProcessesBacklogSuccessfully (0 ms)
[----------] 1 test from BacklogWorkerTest (0 ms total)

[----------] Global test environment tear-down
[==========] 1 test from 1 test suite ran. (0 ms total)
[  PASSED  ] 1 test.
<end of output>
Test time =   0.00 sec
----------------------------------------------------------
Test Passed.
"BacklogWorkerTest.ProcessesBacklogSuccessfully" end time: Feb 03 15:29 UTC
"BacklogWorkerTest.ProcessesBacklogSuccessfully" time elapsed: 00:00:00
----------------------------------------------------------

85/86 Testing: BacklogWorkerTest.KeepsBacklogOnNetworkError
85/86 Test: BacklogWorkerTest.KeepsBacklogOnNetworkError
Command: "/home/runner/work/fuelflux/fuelflux/build-test/bin/fuelflux_tests" "--gtest_filter=BacklogWorkerTest.KeepsBacklogOnNetworkError" "--gtest_also_run_disabled_tests"
Directory: /home/runner/work/fuelflux/fuelflux/build-test
"BacklogWorkerTest.KeepsBacklogOnNetworkError" start time: Feb 03 15:29 UTC
Output:
----------------------------------------------------------
Running main() from /home/runner/work/fuelflux/fuelflux/build-test/_deps/googletest-src/googletest/src/gtest_main.cc
Note: Google Test filter = BacklogWorkerTest.KeepsBacklogOnNetworkError
[==========] Running 1 test from 1 test suite.
[----------] Global test environment set-up.
[----------] 1 test from BacklogWorkerTest
[ RUN      ] BacklogWorkerTest.KeepsBacklogOnNetworkError
[2026-02-03 15:29:55.228] [warning] Backlog processing paused due to network error
[       OK ] BacklogWorkerTest.KeepsBacklogOnNetworkError (0 ms)
[----------] 1 test from BacklogWorkerTest (0 ms total)

[----------] Global test environment tear-down
[==========] 1 test from 1 test suite ran. (0 ms total)
[  PASSED  ] 1 test.
<end of output>
Test time =   0.00 sec
----------------------------------------------------------
Test Passed.
"BacklogWorkerTest.KeepsBacklogOnNetworkError" end time: Feb 03 15:29 UTC
"BacklogWorkerTest.KeepsBacklogOnNetworkError" time elapsed: 00:00:00
----------------------------------------------------------

86/86 Testing: BacklogWorkerTest.MovesToDeadOnNonNetworkError
86/86 Test: BacklogWorkerTest.MovesToDeadOnNonNetworkError
Command: "/home/runner/work/fuelflux/fuelflux/build-test/bin/fuelflux_tests" "--gtest_filter=BacklogWorkerTest.MovesToDeadOnNonNetworkError" "--gtest_also_run_disabled_tests"
Directory: /home/runner/work/fuelflux/fuelflux/build-test
"BacklogWorkerTest.MovesToDeadOnNonNetworkError" start time: Feb 03 15:29 UTC
Output:
----------------------------------------------------------
Running main() from /home/runner/work/fuelflux/fuelflux/build-test/_deps/googletest-src/googletest/src/gtest_main.cc
Note: Google Test filter = BacklogWorkerTest.MovesToDeadOnNonNetworkError
[==========] Running 1 test from 1 test suite.
[----------] Global test environment set-up.
[----------] 1 test from BacklogWorkerTest
[ RUN      ] BacklogWorkerTest.MovesToDeadOnNonNetworkError
[2026-02-03 15:29:55.232] [warning] Moving backlog message 1 to dead messages
[       OK ] BacklogWorkerTest.MovesToDeadOnNonNetworkError (0 ms)
[----------] 1 test from BacklogWorkerTest (0 ms total)

[----------] Global test environment tear-down
[==========] 1 test from 1 test suite ran. (0 ms total)
[  PASSED  ] 1 test.
<end of output>
Test time =   0.00 sec
----------------------------------------------------------
Test Passed.
"BacklogWorkerTest.MovesToDeadOnNonNetworkError" end time: Feb 03 15:29 UTC
"BacklogWorkerTest.MovesToDeadOnNonNetworkError" time elapsed: 00:00:00
----------------------------------------------------------

End testing: Feb 03 15:29 UTC
